2013/03/19 12:55:26 - Pan - Logging is at level : Basic logging
2013/03/19 12:55:26 - Pan - Start of run.
2013/03/19 12:55:27 - RPRO_FACT_VOUCHERS - Dispatching started for transformation [RPRO_FACT_VOUCHERS]
2013/03/19 12:55:27 - Table output.0 - Connected to database [Warehouse] (commit=1000)
2013/03/19 12:55:33 - Table input.0 - Finished reading query, closing connection.
2013/03/19 12:55:33 - Select values.1 - Finished processing (I=0, O=0, R=9176, W=9176, U=0, E=0)
2013/03/19 12:55:33 - Select values.0 - Finished processing (I=0, O=0, R=9177, W=9177, U=0, E=0)
2013/03/19 12:55:33 - store_id.1 - Finished processing (I=9130, O=0, R=9176, W=9130, U=0, E=0)
2013/03/19 12:55:33 - Table input.0 - Finished processing (I=18353, O=0, R=0, W=18353, U=0, E=0)
2013/03/19 12:55:33 - store_id.0 - Finished processing (I=9132, O=0, R=9177, W=9132, U=0, E=0)
2013/03/19 13:02:42 - ITEM_ID.0 - Finished processing (I=7746, O=0, R=9132, W=9132, U=0, E=0)
2013/03/19 13:02:42 - DEPT_ID.0 - Finished processing (I=7329, O=0, R=9132, W=9132, U=0, E=0)
2013/03/19 13:02:42 - rpro_vendor_id.0 - Finished processing (I=9124, O=0, R=9132, W=9132, U=0, E=0)
2013/03/19 13:02:42 - COMP_CODE_LKP.0 - Finished processing (I=9132, O=0, R=9132, W=9132, U=0, E=0)
2013/03/19 13:02:42 - COMP_ID.0 - Finished processing (I=9132, O=0, R=9132, W=9132, U=0, E=0)
2013/03/19 13:02:47 - ITEM_ID.1 - Finished processing (I=7774, O=0, R=9130, W=9130, U=0, E=0)
2013/03/19 13:02:47 - COMP_ID.1 - Finished processing (I=9130, O=0, R=9130, W=9130, U=0, E=0)
2013/03/19 13:02:47 - rpro_vendor_id.1 - Finished processing (I=9121, O=0, R=9130, W=9130, U=0, E=0)
2013/03/19 13:02:47 - DEPT_ID.1 - Finished processing (I=7271, O=0, R=9130, W=9130, U=0, E=0)
2013/03/19 13:02:47 - COMP_CODE_LKP.1 - Finished processing (I=9130, O=0, R=9130, W=9130, U=0, E=0)
2013/03/19 13:06:07 - rpro_item_id.1 - Finished processing (I=7271, O=0, R=9130, W=9130, U=0, E=0)
2013/03/19 13:06:07 - supplier_id.1 - Finished processing (I=9121, O=0, R=9130, W=9130, U=0, E=0)
2013/03/19 13:06:11 - rpro_item_id.0 - Finished processing (I=7329, O=0, R=9132, W=9132, U=0, E=0)
2013/03/19 13:06:11 - supplier_id.0 - Finished processing (I=9124, O=0, R=9132, W=9132, U=0, E=0)
2013/03/19 13:06:12 - Table output.0 - Finished processing (I=0, O=18262, R=18262, W=18262, U=0, E=0)
2013/03/19 13:06:12 - Pan - Finished!
2013/03/19 13:06:12 - Pan - Start=2013/03/19 12:55:26.110, Stop=2013/03/19 13:06:12.076
2013/03/19 13:06:12 - Pan - Processing ended after 10 minutes and 45 seconds (645 seconds total).
2013/03/19 13:06:12 - RPRO_FACT_VOUCHERS -  
2013/03/19 13:06:12 - RPRO_FACT_VOUCHERS - Step Table input.0 ended successfully, processed 18353 lines. ( 28 lines/s)
2013/03/19 13:06:12 - RPRO_FACT_VOUCHERS - Step Select values.0 ended successfully, processed 9177 lines. ( 14 lines/s)
2013/03/19 13:06:12 - RPRO_FACT_VOUCHERS - Step Select values.1 ended successfully, processed 9176 lines. ( 14 lines/s)
2013/03/19 13:06:12 - RPRO_FACT_VOUCHERS - Step ITEM_ID.0 ended successfully, processed 9132 lines. ( 14 lines/s)
2013/03/19 13:06:12 - RPRO_FACT_VOUCHERS - Step ITEM_ID.1 ended successfully, processed 9130 lines. ( 14 lines/s)
2013/03/19 13:06:12 - RPRO_FACT_VOUCHERS - Step COMP_CODE_LKP.0 ended successfully, processed 9132 lines. ( 14 lines/s)
2013/03/19 13:06:12 - RPRO_FACT_VOUCHERS - Step COMP_CODE_LKP.1 ended successfully, processed 9130 lines. ( 14 lines/s)
2013/03/19 13:06:12 - RPRO_FACT_VOUCHERS - Step COMP_ID.0 ended successfully, processed 9132 lines. ( 14 lines/s)
2013/03/19 13:06:12 - RPRO_FACT_VOUCHERS - Step COMP_ID.1 ended successfully, processed 9130 lines. ( 14 lines/s)
2013/03/19 13:06:12 - RPRO_FACT_VOUCHERS - Step rpro_item_id.0 ended successfully, processed 9132 lines. ( 14 lines/s)
2013/03/19 13:06:12 - RPRO_FACT_VOUCHERS - Step rpro_item_id.1 ended successfully, processed 9130 lines. ( 14 lines/s)
2013/03/19 13:06:12 - RPRO_FACT_VOUCHERS - Step supplier_id.0 ended successfully, processed 9132 lines. ( 14 lines/s)
2013/03/19 13:06:12 - RPRO_FACT_VOUCHERS - Step supplier_id.1 ended successfully, processed 9130 lines. ( 14 lines/s)
2013/03/19 13:06:12 - RPRO_FACT_VOUCHERS - Step rpro_vendor_id.0 ended successfully, processed 9132 lines. ( 14 lines/s)
2013/03/19 13:06:12 - RPRO_FACT_VOUCHERS - Step rpro_vendor_id.1 ended successfully, processed 9130 lines. ( 14 lines/s)
2013/03/19 13:06:12 - RPRO_FACT_VOUCHERS - Step DEPT_ID.0 ended successfully, processed 9132 lines. ( 14 lines/s)
2013/03/19 13:06:12 - RPRO_FACT_VOUCHERS - Step DEPT_ID.1 ended successfully, processed 9130 lines. ( 14 lines/s)
2013/03/19 13:06:12 - RPRO_FACT_VOUCHERS - Step Table output.0 ended successfully, processed 18262 lines. ( 28 lines/s)
2013/03/19 13:06:12 - RPRO_FACT_VOUCHERS - Step store_id.0 ended successfully, processed 9177 lines. ( 14 lines/s)
2013/03/19 13:06:12 - RPRO_FACT_VOUCHERS - Step store_id.1 ended successfully, processed 9176 lines. ( 14 lines/s)
2013/03/19 13:06:12 - RPRO_FACT_VOUCHERS - Step BRAND_ID.0 ended successfully, processed 0 lines. ( 0 lines/s)
