2013/04/10 14:02:26 - Pan - Logging is at level : Basic logging
2013/04/10 14:02:26 - Pan - Start of run.
2013/04/10 14:02:27 - STC_FACT_INVOICE_ITEM_TED - Dispatching started for transformation [STC_FACT_INVOICE_ITEM_TED]
2013/04/10 14:02:29 - Set Variables.0 - We didn't receive a row while setting the default values.
2013/04/10 14:02:29 - Set Variables.0 - Set variable VARFACTNAME to value [STC_FACT_INVOICE]
2013/04/10 14:02:29 - Set Variables.0 - Finished after 0 rows.
2013/04/10 14:03:07 - Table input.0 - Finished reading query, closing connection.
2013/04/10 14:03:07 - Select values.0 - Finished processing (I=0, O=0, R=17495, W=17495, U=0, E=0)
2013/04/10 14:03:07 - Table input.0 - Finished processing (I=17495, O=0, R=0, W=17495, U=0, E=0)
2013/04/10 14:11:20 - stc_dim_item_uom.0 - Finished processing (I=7721, O=0, R=8748, W=8748, U=0, E=0)
2013/04/10 14:11:20 - GRADE1_ID.0 - Finished processing (I=7721, O=0, R=8748, W=8748, U=0, E=0)
2013/04/10 14:11:20 - GRADE2_ID.0 - Finished processing (I=7721, O=0, R=8748, W=8748, U=0, E=0)
2013/04/10 14:11:20 - LOCATION_ID.0 - Finished processing (I=8748, O=0, R=8748, W=8748, U=0, E=0)
2013/04/10 14:11:20 - COMP_ID.0 - Finished processing (I=8748, O=0, R=8748, W=8748, U=0, E=0)
2013/04/10 14:11:20 - CATEGORY_ID.0 - Finished processing (I=7721, O=0, R=8748, W=8748, U=0, E=0)
2013/04/10 14:11:20 - TRAN_ID.0 - Finished processing (I=8748, O=0, R=8748, W=8748, U=0, E=0)
2013/04/10 14:11:20 - DOC_SRC_LOCTN_ID.0 - Finished processing (I=8748, O=0, R=8748, W=8748, U=0, E=0)
2013/04/10 14:11:20 - Ship_to_address_ID .0 - Finished processing (I=8748, O=0, R=8748, W=8748, U=0, E=0)
2013/04/10 14:11:20 - CUSTOMER_ID.0 - Finished processing (I=8748, O=0, R=8748, W=8748, U=0, E=0)
2013/04/10 14:11:20 - BILL_TO_ADDRESS_ID.0 - Finished processing (I=8748, O=0, R=8748, W=8748, U=0, E=0)
2013/04/10 14:11:20 - Department_id.0 - Finished processing (I=7721, O=0, R=8748, W=8748, U=0, E=0)
2013/04/10 14:11:20 - ITEM_ID.0 - Finished processing (I=7721, O=0, R=8748, W=8748, U=0, E=0)
2013/04/10 14:11:20 - TERM_ID.0 - Finished processing (I=8748, O=0, R=8748, W=8748, U=0, E=0)
2013/04/10 14:11:20 - REF_TRAN_ID.0 - Finished processing (I=8718, O=0, R=8748, W=8748, U=0, E=0)
2013/04/10 14:11:20 - PACKING_ID.0 - Finished processing (I=7721, O=0, R=8748, W=8748, U=0, E=0)
2013/04/10 14:11:20 - AMD_REASON_ID.0 - Finished processing (I=0, O=0, R=8748, W=8748, U=0, E=0)
2013/04/10 14:11:20 - ARTICLE_ID.0 - Finished processing (I=7721, O=0, R=8748, W=8748, U=0, E=0)
2013/04/10 14:11:20 - FOOD_CAT_ID.0 - Finished processing (I=7721, O=0, R=8748, W=8748, U=0, E=0)
2013/04/10 14:11:20 - SIZE_ID.0 - Finished processing (I=7721, O=0, R=8748, W=8748, U=0, E=0)
2013/04/10 14:11:20 - CAT_MANG_ID.0 - Finished processing (I=7721, O=0, R=8748, W=8748, U=0, E=0)
2013/04/10 14:11:20 - CURRENCY_ID.0 - Finished processing (I=8748, O=0, R=8748, W=8748, U=0, E=0)
2013/04/10 14:11:20 - PRICE_LIST_ID.0 - Finished processing (I=7714, O=0, R=8748, W=8748, U=0, E=0)
2013/04/10 14:11:21 - stc_dim_item_uom.1 - Finished processing (I=7721, O=0, R=8747, W=8747, U=0, E=0)
2013/04/10 14:11:21 - GRADE1_ID.1 - Finished processing (I=7721, O=0, R=8747, W=8747, U=0, E=0)
2013/04/10 14:11:21 - GRADE2_ID.1 - Finished processing (I=7721, O=0, R=8747, W=8747, U=0, E=0)
2013/04/10 14:11:21 - Ship_to_address_ID .1 - Finished processing (I=8747, O=0, R=8747, W=8747, U=0, E=0)
2013/04/10 14:11:21 - LOCATION_ID.1 - Finished processing (I=8747, O=0, R=8747, W=8747, U=0, E=0)
2013/04/10 14:11:21 - COMP_ID.1 - Finished processing (I=8747, O=0, R=8747, W=8747, U=0, E=0)
2013/04/10 14:11:21 - CUSTOMER_ID.1 - Finished processing (I=8747, O=0, R=8747, W=8747, U=0, E=0)
2013/04/10 14:11:21 - Department_id.1 - Finished processing (I=7721, O=0, R=8747, W=8747, U=0, E=0)
2013/04/10 14:11:21 - TRAN_ID.1 - Finished processing (I=8747, O=0, R=8747, W=8747, U=0, E=0)
2013/04/10 14:11:21 - BILL_TO_ADDRESS_ID.1 - Finished processing (I=8747, O=0, R=8747, W=8747, U=0, E=0)
2013/04/10 14:11:21 - DOC_SRC_LOCTN_ID.1 - Finished processing (I=8747, O=0, R=8747, W=8747, U=0, E=0)
2013/04/10 14:11:21 - CATEGORY_ID.1 - Finished processing (I=7721, O=0, R=8747, W=8747, U=0, E=0)
2013/04/10 14:11:21 - ITEM_ID.1 - Finished processing (I=7721, O=0, R=8747, W=8747, U=0, E=0)
2013/04/10 14:11:21 - PACKING_ID.1 - Finished processing (I=7721, O=0, R=8747, W=8747, U=0, E=0)
2013/04/10 14:11:21 - AMD_REASON_ID.1 - Finished processing (I=0, O=0, R=8747, W=8747, U=0, E=0)
2013/04/10 14:11:21 - TERM_ID.1 - Finished processing (I=8747, O=0, R=8747, W=8747, U=0, E=0)
2013/04/10 14:11:21 - SIZE_ID.1 - Finished processing (I=7721, O=0, R=8747, W=8747, U=0, E=0)
2013/04/10 14:11:21 - ARTICLE_ID.1 - Finished processing (I=7721, O=0, R=8747, W=8747, U=0, E=0)
2013/04/10 14:11:21 - REF_TRAN_ID.1 - Finished processing (I=8718, O=0, R=8747, W=8747, U=0, E=0)
2013/04/10 14:11:21 - FOOD_CAT_ID.1 - Finished processing (I=7721, O=0, R=8747, W=8747, U=0, E=0)
2013/04/10 14:11:21 - PRICE_LIST_ID.1 - Finished processing (I=7717, O=0, R=8747, W=8747, U=0, E=0)
2013/04/10 14:11:21 - CAT_MANG_ID.1 - Finished processing (I=7721, O=0, R=8747, W=8747, U=0, E=0)
2013/04/10 14:11:21 - CURRENCY_ID.1 - Finished processing (I=8747, O=0, R=8747, W=8747, U=0, E=0)
2013/04/10 14:30:47 - Insert / Update.0 - Finished processing (I=17495, O=17495, R=17495, W=17495, U=0, E=0)
2013/04/10 14:30:47 - Pan - Finished!
2013/04/10 14:30:47 - Pan - Start=2013/04/10 14:02:26.314, Stop=2013/04/10 14:30:47.524
2013/04/10 14:30:47 - Pan - Processing ended after 28 minutes and 21 seconds (1701 seconds total).
2013/04/10 14:30:47 - STC_FACT_INVOICE_ITEM_TED -  
2013/04/10 14:30:47 - STC_FACT_INVOICE_ITEM_TED - Step Table input.0 ended successfully, processed 17495 lines. ( 10 lines/s)
2013/04/10 14:30:47 - STC_FACT_INVOICE_ITEM_TED - Step Select values.0 ended successfully, processed 17495 lines. ( 10 lines/s)
2013/04/10 14:30:47 - STC_FACT_INVOICE_ITEM_TED - Step GRADE1_ID.0 ended successfully, processed 8748 lines. ( 5 lines/s)
2013/04/10 14:30:47 - STC_FACT_INVOICE_ITEM_TED - Step GRADE1_ID.1 ended successfully, processed 8747 lines. ( 5 lines/s)
2013/04/10 14:30:47 - STC_FACT_INVOICE_ITEM_TED - Step GRADE2_ID.0 ended successfully, processed 8748 lines. ( 5 lines/s)
2013/04/10 14:30:47 - STC_FACT_INVOICE_ITEM_TED - Step GRADE2_ID.1 ended successfully, processed 8747 lines. ( 5 lines/s)
2013/04/10 14:30:47 - STC_FACT_INVOICE_ITEM_TED - Step CATEGORY_ID.0 ended successfully, processed 8748 lines. ( 5 lines/s)
2013/04/10 14:30:47 - STC_FACT_INVOICE_ITEM_TED - Step CATEGORY_ID.1 ended successfully, processed 8747 lines. ( 5 lines/s)
2013/04/10 14:30:47 - STC_FACT_INVOICE_ITEM_TED - Step COMP_ID.0 ended successfully, processed 8748 lines. ( 5 lines/s)
2013/04/10 14:30:47 - STC_FACT_INVOICE_ITEM_TED - Step COMP_ID.1 ended successfully, processed 8747 lines. ( 5 lines/s)
2013/04/10 14:30:47 - STC_FACT_INVOICE_ITEM_TED - Step TRAN_ID.0 ended successfully, processed 8748 lines. ( 5 lines/s)
2013/04/10 14:30:47 - STC_FACT_INVOICE_ITEM_TED - Step TRAN_ID.1 ended successfully, processed 8747 lines. ( 5 lines/s)
2013/04/10 14:30:47 - STC_FACT_INVOICE_ITEM_TED - Step DOC_SRC_LOCTN_ID.0 ended successfully, processed 8748 lines. ( 5 lines/s)
2013/04/10 14:30:47 - STC_FACT_INVOICE_ITEM_TED - Step DOC_SRC_LOCTN_ID.1 ended successfully, processed 8747 lines. ( 5 lines/s)
2013/04/10 14:30:47 - STC_FACT_INVOICE_ITEM_TED - Step CUSTOMER_ID.0 ended successfully, processed 8748 lines. ( 5 lines/s)
2013/04/10 14:30:47 - STC_FACT_INVOICE_ITEM_TED - Step CUSTOMER_ID.1 ended successfully, processed 8747 lines. ( 5 lines/s)
2013/04/10 14:30:47 - STC_FACT_INVOICE_ITEM_TED - Step ITEM_ID.0 ended successfully, processed 8748 lines. ( 5 lines/s)
2013/04/10 14:30:47 - STC_FACT_INVOICE_ITEM_TED - Step ITEM_ID.1 ended successfully, processed 8747 lines. ( 5 lines/s)
2013/04/10 14:30:47 - STC_FACT_INVOICE_ITEM_TED - Step REF_TRAN_ID.0 ended successfully, processed 8748 lines. ( 5 lines/s)
2013/04/10 14:30:47 - STC_FACT_INVOICE_ITEM_TED - Step REF_TRAN_ID.1 ended successfully, processed 8747 lines. ( 5 lines/s)
2013/04/10 14:30:47 - STC_FACT_INVOICE_ITEM_TED - Step TERM_ID.0 ended successfully, processed 8748 lines. ( 5 lines/s)
2013/04/10 14:30:47 - STC_FACT_INVOICE_ITEM_TED - Step TERM_ID.1 ended successfully, processed 8747 lines. ( 5 lines/s)
2013/04/10 14:30:47 - STC_FACT_INVOICE_ITEM_TED - Step ARTICLE_ID.0 ended successfully, processed 8748 lines. ( 5 lines/s)
2013/04/10 14:30:47 - STC_FACT_INVOICE_ITEM_TED - Step ARTICLE_ID.1 ended successfully, processed 8747 lines. ( 5 lines/s)
2013/04/10 14:30:47 - STC_FACT_INVOICE_ITEM_TED - Step PACKING_ID.0 ended successfully, processed 8748 lines. ( 5 lines/s)
2013/04/10 14:30:47 - STC_FACT_INVOICE_ITEM_TED - Step PACKING_ID.1 ended successfully, processed 8747 lines. ( 5 lines/s)
2013/04/10 14:30:47 - STC_FACT_INVOICE_ITEM_TED - Step AMD_REASON_ID.0 ended successfully, processed 8748 lines. ( 5 lines/s)
2013/04/10 14:30:47 - STC_FACT_INVOICE_ITEM_TED - Step AMD_REASON_ID.1 ended successfully, processed 8747 lines. ( 5 lines/s)
2013/04/10 14:30:47 - STC_FACT_INVOICE_ITEM_TED - Step SIZE_ID.0 ended successfully, processed 8748 lines. ( 5 lines/s)
2013/04/10 14:30:47 - STC_FACT_INVOICE_ITEM_TED - Step SIZE_ID.1 ended successfully, processed 8747 lines. ( 5 lines/s)
2013/04/10 14:30:47 - STC_FACT_INVOICE_ITEM_TED - Step CAT_MANG_ID.0 ended successfully, processed 8748 lines. ( 5 lines/s)
2013/04/10 14:30:47 - STC_FACT_INVOICE_ITEM_TED - Step CAT_MANG_ID.1 ended successfully, processed 8747 lines. ( 5 lines/s)
2013/04/10 14:30:47 - STC_FACT_INVOICE_ITEM_TED - Step FOOD_CAT_ID.0 ended successfully, processed 8748 lines. ( 5 lines/s)
2013/04/10 14:30:47 - STC_FACT_INVOICE_ITEM_TED - Step FOOD_CAT_ID.1 ended successfully, processed 8747 lines. ( 5 lines/s)
2013/04/10 14:30:47 - STC_FACT_INVOICE_ITEM_TED - Step PRICE_LIST_ID.0 ended successfully, processed 8748 lines. ( 5 lines/s)
2013/04/10 14:30:47 - STC_FACT_INVOICE_ITEM_TED - Step PRICE_LIST_ID.1 ended successfully, processed 8747 lines. ( 5 lines/s)
2013/04/10 14:30:47 - STC_FACT_INVOICE_ITEM_TED - Step Ship_to_address_ID .0 ended successfully, processed 8748 lines. ( 5 lines/s)
2013/04/10 14:30:47 - STC_FACT_INVOICE_ITEM_TED - Step Ship_to_address_ID .1 ended successfully, processed 8747 lines. ( 5 lines/s)
2013/04/10 14:30:47 - STC_FACT_INVOICE_ITEM_TED - Step BILL_TO_ADDRESS_ID.0 ended successfully, processed 8748 lines. ( 5 lines/s)
2013/04/10 14:30:47 - STC_FACT_INVOICE_ITEM_TED - Step BILL_TO_ADDRESS_ID.1 ended successfully, processed 8747 lines. ( 5 lines/s)
2013/04/10 14:30:47 - STC_FACT_INVOICE_ITEM_TED - Step Department_id.0 ended successfully, processed 8748 lines. ( 5 lines/s)
2013/04/10 14:30:47 - STC_FACT_INVOICE_ITEM_TED - Step Department_id.1 ended successfully, processed 8747 lines. ( 5 lines/s)
2013/04/10 14:30:47 - STC_FACT_INVOICE_ITEM_TED - Step CURRENCY_ID.0 ended successfully, processed 8748 lines. ( 5 lines/s)
2013/04/10 14:30:47 - STC_FACT_INVOICE_ITEM_TED - Step CURRENCY_ID.1 ended successfully, processed 8747 lines. ( 5 lines/s)
2013/04/10 14:30:47 - STC_FACT_INVOICE_ITEM_TED - Step Insert / Update.0 ended successfully, processed 17495 lines. ( 10 lines/s)
2013/04/10 14:30:47 - STC_FACT_INVOICE_ITEM_TED - Step stc_dim_item_uom.0 ended successfully, processed 8748 lines. ( 5 lines/s)
2013/04/10 14:30:47 - STC_FACT_INVOICE_ITEM_TED - Step stc_dim_item_uom.1 ended successfully, processed 8747 lines. ( 5 lines/s)
2013/04/10 14:30:47 - STC_FACT_INVOICE_ITEM_TED - Step LOCATION_ID.0 ended successfully, processed 8748 lines. ( 5 lines/s)
2013/04/10 14:30:47 - STC_FACT_INVOICE_ITEM_TED - Step LOCATION_ID.1 ended successfully, processed 8747 lines. ( 5 lines/s)
2013/04/10 14:30:47 - STC_FACT_INVOICE_ITEM_TED - Step Set Variables.0 ended successfully, processed 0 lines. ( 0 lines/s)
