2013/04/11 09:08:53 - Pan - Logging is at level : Basic logging
2013/04/11 09:08:53 - Pan - Start of run.
2013/04/11 09:08:54 - STC_FACT_SO_ITEM_TED - Dispatching started for transformation [STC_FACT_SO_ITEM_TED]
2013/04/11 09:08:57 - Table output.0 - Connected to database [Warehouse] (commit=5000)
2013/04/11 09:08:57 - Set Variables.0 - We didn't receive a row while setting the default values.
2013/04/11 09:08:57 - Set Variables.0 - Set variable VARFACTNAME to value [STC_FACT_SO]
2013/04/11 09:08:57 - Set Variables.0 - Finished after 0 rows.
2013/04/11 09:09:35 - Table input.0 - Finished reading query, closing connection.
2013/04/11 09:09:35 - Select values.0 - Finished processing (I=0, O=0, R=18493, W=18493, U=0, E=0)
2013/04/11 09:09:35 - Table input.0 - Finished processing (I=18493, O=0, R=0, W=18493, U=0, E=0)
2013/04/11 09:18:04 - stc_dim_item_uom.1 - Finished processing (I=8203, O=0, R=9246, W=9246, U=0, E=0)
2013/04/11 09:18:04 - DOC_SRC_LOCTN_ID.1 - Finished processing (I=9246, O=0, R=9246, W=9246, U=0, E=0)
2013/04/11 09:18:04 - COMP_ID.1 - Finished processing (I=9246, O=0, R=9246, W=9246, U=0, E=0)
2013/04/11 09:18:04 - PRICE_LIST_ID.1 - Finished processing (I=8196, O=0, R=9246, W=9246, U=0, E=0)
2013/04/11 09:18:04 - GRADE1_ID.1 - Finished processing (I=8203, O=0, R=9246, W=9246, U=0, E=0)
2013/04/11 09:18:04 - LOCATION_ID.1 - Finished processing (I=9246, O=0, R=9246, W=9246, U=0, E=0)
2013/04/11 09:18:04 - Department_id.1 - Finished processing (I=8203, O=0, R=9246, W=9246, U=0, E=0)
2013/04/11 09:18:04 - CATEGORY_ID.1 - Finished processing (I=8203, O=0, R=9246, W=9246, U=0, E=0)
2013/04/11 09:18:04 - GRADE2_ID.1 - Finished processing (I=8203, O=0, R=9246, W=9246, U=0, E=0)
2013/04/11 09:18:04 - TRAN_ID.1 - Finished processing (I=9246, O=0, R=9246, W=9246, U=0, E=0)
2013/04/11 09:18:04 - Ship_to_address_ID .1 - Finished processing (I=9246, O=0, R=9246, W=9246, U=0, E=0)
2013/04/11 09:18:04 - CUSTOMER_ID.1 - Finished processing (I=9246, O=0, R=9246, W=9246, U=0, E=0)
2013/04/11 09:18:04 - BILL_TO_ADDRESS_ID.1 - Finished processing (I=9246, O=0, R=9246, W=9246, U=0, E=0)
2013/04/11 09:18:04 - ITEM_ID.1 - Finished processing (I=8203, O=0, R=9246, W=9246, U=0, E=0)
2013/04/11 09:18:04 - TERM_ID.1 - Finished processing (I=9246, O=0, R=9246, W=9246, U=0, E=0)
2013/04/11 09:18:04 - ARTICLE_ID.1 - Finished processing (I=8203, O=0, R=9246, W=9246, U=0, E=0)
2013/04/11 09:18:04 - CLO_REASON_ID.1 - Finished processing (I=0, O=0, R=9246, W=9246, U=0, E=0)
2013/04/11 09:18:04 - REF_TRAN_ID.1 - Finished processing (I=0, O=0, R=9246, W=9246, U=0, E=0)
2013/04/11 09:18:04 - SHORT_CLO_REASON_ID.1 - Finished processing (I=0, O=0, R=9246, W=9246, U=0, E=0)
2013/04/11 09:18:04 - PACKING_ID.1 - Finished processing (I=8203, O=0, R=9246, W=9246, U=0, E=0)
2013/04/11 09:18:04 - AMD_REASON_ID.1 - Finished processing (I=0, O=0, R=9246, W=9246, U=0, E=0)
2013/04/11 09:18:04 - FOOD_CAT_ID.1 - Finished processing (I=8203, O=0, R=9246, W=9246, U=0, E=0)
2013/04/11 09:18:04 - SIZE_ID.1 - Finished processing (I=8203, O=0, R=9246, W=9246, U=0, E=0)
2013/04/11 09:18:04 - CAT_MANG_ID.1 - Finished processing (I=8203, O=0, R=9246, W=9246, U=0, E=0)
2013/04/11 09:18:04 - CURRENCY_ID.1 - Finished processing (I=9246, O=0, R=9246, W=9246, U=0, E=0)
2013/04/11 09:18:17 - stc_dim_item_uom.0 - Finished processing (I=8204, O=0, R=9247, W=9247, U=0, E=0)
2013/04/11 09:18:17 - TRAN_ID.0 - Finished processing (I=9247, O=0, R=9247, W=9247, U=0, E=0)
2013/04/11 09:18:17 - GRADE2_ID.0 - Finished processing (I=8204, O=0, R=9247, W=9247, U=0, E=0)
2013/04/11 09:18:17 - CUSTOMER_ID.0 - Finished processing (I=9247, O=0, R=9247, W=9247, U=0, E=0)
2013/04/11 09:18:17 - COMP_ID.0 - Finished processing (I=9247, O=0, R=9247, W=9247, U=0, E=0)
2013/04/11 09:18:17 - LOCATION_ID.0 - Finished processing (I=9247, O=0, R=9247, W=9247, U=0, E=0)
2013/04/11 09:18:17 - PRICE_LIST_ID.0 - Finished processing (I=8198, O=0, R=9247, W=9247, U=0, E=0)
2013/04/11 09:18:17 - CATEGORY_ID.0 - Finished processing (I=8204, O=0, R=9247, W=9247, U=0, E=0)
2013/04/11 09:18:17 - Department_id.0 - Finished processing (I=8204, O=0, R=9247, W=9247, U=0, E=0)
2013/04/11 09:18:17 - GRADE1_ID.0 - Finished processing (I=8204, O=0, R=9247, W=9247, U=0, E=0)
2013/04/11 09:18:17 - DOC_SRC_LOCTN_ID.0 - Finished processing (I=9247, O=0, R=9247, W=9247, U=0, E=0)
2013/04/11 09:18:17 - Ship_to_address_ID .0 - Finished processing (I=9247, O=0, R=9247, W=9247, U=0, E=0)
2013/04/11 09:18:17 - BILL_TO_ADDRESS_ID.0 - Finished processing (I=9247, O=0, R=9247, W=9247, U=0, E=0)
2013/04/11 09:18:17 - ITEM_ID.0 - Finished processing (I=8204, O=0, R=9247, W=9247, U=0, E=0)
2013/04/11 09:18:17 - REF_TRAN_ID.0 - Finished processing (I=0, O=0, R=9247, W=9247, U=0, E=0)
2013/04/11 09:18:17 - TERM_ID.0 - Finished processing (I=9247, O=0, R=9247, W=9247, U=0, E=0)
2013/04/11 09:18:17 - CLO_REASON_ID.0 - Finished processing (I=0, O=0, R=9247, W=9247, U=0, E=0)
2013/04/11 09:18:17 - PACKING_ID.0 - Finished processing (I=8204, O=0, R=9247, W=9247, U=0, E=0)
2013/04/11 09:18:17 - ARTICLE_ID.0 - Finished processing (I=8204, O=0, R=9247, W=9247, U=0, E=0)
2013/04/11 09:18:17 - SHORT_CLO_REASON_ID.0 - Finished processing (I=0, O=0, R=9247, W=9247, U=0, E=0)
2013/04/11 09:18:17 - CURRENCY_ID.0 - Finished processing (I=9247, O=0, R=9247, W=9247, U=0, E=0)
2013/04/11 09:18:17 - AMD_REASON_ID.0 - Finished processing (I=0, O=0, R=9247, W=9247, U=0, E=0)
2013/04/11 09:18:17 - CAT_MANG_ID.0 - Finished processing (I=8204, O=0, R=9247, W=9247, U=0, E=0)
2013/04/11 09:18:17 - FOOD_CAT_ID.0 - Finished processing (I=8204, O=0, R=9247, W=9247, U=0, E=0)
2013/04/11 09:18:17 - SIZE_ID.0 - Finished processing (I=8204, O=0, R=9247, W=9247, U=0, E=0)
2013/04/11 09:36:23 - Insert / Update.0 - Finished processing (I=18493, O=18493, R=18493, W=18493, U=0, E=0)
2013/04/11 09:36:23 - Pan - Finished!
2013/04/11 09:36:23 - Pan - Start=2013/04/11 09:08:53.543, Stop=2013/04/11 09:36:23.302
2013/04/11 09:36:23 - Pan - Processing ended after 27 minutes and 29 seconds (1649 seconds total).
2013/04/11 09:36:23 - STC_FACT_SO_ITEM_TED -  
2013/04/11 09:36:23 - STC_FACT_SO_ITEM_TED - Step Table input.0 ended successfully, processed 18493 lines. ( 11 lines/s)
2013/04/11 09:36:23 - STC_FACT_SO_ITEM_TED - Step Select values.0 ended successfully, processed 18493 lines. ( 11 lines/s)
2013/04/11 09:36:23 - STC_FACT_SO_ITEM_TED - Step GRADE1_ID.0 ended successfully, processed 9247 lines. ( 5 lines/s)
2013/04/11 09:36:23 - STC_FACT_SO_ITEM_TED - Step GRADE1_ID.1 ended successfully, processed 9246 lines. ( 5 lines/s)
2013/04/11 09:36:23 - STC_FACT_SO_ITEM_TED - Step GRADE2_ID.0 ended successfully, processed 9247 lines. ( 5 lines/s)
2013/04/11 09:36:23 - STC_FACT_SO_ITEM_TED - Step GRADE2_ID.1 ended successfully, processed 9246 lines. ( 5 lines/s)
2013/04/11 09:36:23 - STC_FACT_SO_ITEM_TED - Step CATEGORY_ID.0 ended successfully, processed 9247 lines. ( 5 lines/s)
2013/04/11 09:36:23 - STC_FACT_SO_ITEM_TED - Step CATEGORY_ID.1 ended successfully, processed 9246 lines. ( 5 lines/s)
2013/04/11 09:36:23 - STC_FACT_SO_ITEM_TED - Step COMP_ID.0 ended successfully, processed 9247 lines. ( 5 lines/s)
2013/04/11 09:36:23 - STC_FACT_SO_ITEM_TED - Step COMP_ID.1 ended successfully, processed 9246 lines. ( 5 lines/s)
2013/04/11 09:36:23 - STC_FACT_SO_ITEM_TED - Step TRAN_ID.0 ended successfully, processed 9247 lines. ( 5 lines/s)
2013/04/11 09:36:23 - STC_FACT_SO_ITEM_TED - Step TRAN_ID.1 ended successfully, processed 9246 lines. ( 5 lines/s)
2013/04/11 09:36:23 - STC_FACT_SO_ITEM_TED - Step DOC_SRC_LOCTN_ID.0 ended successfully, processed 9247 lines. ( 5 lines/s)
2013/04/11 09:36:23 - STC_FACT_SO_ITEM_TED - Step DOC_SRC_LOCTN_ID.1 ended successfully, processed 9246 lines. ( 5 lines/s)
2013/04/11 09:36:23 - STC_FACT_SO_ITEM_TED - Step CUSTOMER_ID.0 ended successfully, processed 9247 lines. ( 5 lines/s)
2013/04/11 09:36:23 - STC_FACT_SO_ITEM_TED - Step CUSTOMER_ID.1 ended successfully, processed 9246 lines. ( 5 lines/s)
2013/04/11 09:36:23 - STC_FACT_SO_ITEM_TED - Step ITEM_ID.0 ended successfully, processed 9247 lines. ( 5 lines/s)
2013/04/11 09:36:23 - STC_FACT_SO_ITEM_TED - Step ITEM_ID.1 ended successfully, processed 9246 lines. ( 5 lines/s)
2013/04/11 09:36:23 - STC_FACT_SO_ITEM_TED - Step REF_TRAN_ID.0 ended successfully, processed 9247 lines. ( 5 lines/s)
2013/04/11 09:36:23 - STC_FACT_SO_ITEM_TED - Step REF_TRAN_ID.1 ended successfully, processed 9246 lines. ( 5 lines/s)
2013/04/11 09:36:23 - STC_FACT_SO_ITEM_TED - Step CLO_REASON_ID.0 ended successfully, processed 9247 lines. ( 5 lines/s)
2013/04/11 09:36:23 - STC_FACT_SO_ITEM_TED - Step CLO_REASON_ID.1 ended successfully, processed 9246 lines. ( 5 lines/s)
2013/04/11 09:36:23 - STC_FACT_SO_ITEM_TED - Step TERM_ID.0 ended successfully, processed 9247 lines. ( 5 lines/s)
2013/04/11 09:36:23 - STC_FACT_SO_ITEM_TED - Step TERM_ID.1 ended successfully, processed 9246 lines. ( 5 lines/s)
2013/04/11 09:36:23 - STC_FACT_SO_ITEM_TED - Step ARTICLE_ID.0 ended successfully, processed 9247 lines. ( 5 lines/s)
2013/04/11 09:36:23 - STC_FACT_SO_ITEM_TED - Step ARTICLE_ID.1 ended successfully, processed 9246 lines. ( 5 lines/s)
2013/04/11 09:36:23 - STC_FACT_SO_ITEM_TED - Step SHORT_CLO_REASON_ID.0 ended successfully, processed 9247 lines. ( 5 lines/s)
2013/04/11 09:36:23 - STC_FACT_SO_ITEM_TED - Step SHORT_CLO_REASON_ID.1 ended successfully, processed 9246 lines. ( 5 lines/s)
2013/04/11 09:36:23 - STC_FACT_SO_ITEM_TED - Step PACKING_ID.0 ended successfully, processed 9247 lines. ( 5 lines/s)
2013/04/11 09:36:23 - STC_FACT_SO_ITEM_TED - Step PACKING_ID.1 ended successfully, processed 9246 lines. ( 5 lines/s)
2013/04/11 09:36:23 - STC_FACT_SO_ITEM_TED - Step AMD_REASON_ID.0 ended successfully, processed 9247 lines. ( 5 lines/s)
2013/04/11 09:36:23 - STC_FACT_SO_ITEM_TED - Step AMD_REASON_ID.1 ended successfully, processed 9246 lines. ( 5 lines/s)
2013/04/11 09:36:23 - STC_FACT_SO_ITEM_TED - Step SIZE_ID.0 ended successfully, processed 9247 lines. ( 5 lines/s)
2013/04/11 09:36:23 - STC_FACT_SO_ITEM_TED - Step SIZE_ID.1 ended successfully, processed 9246 lines. ( 5 lines/s)
2013/04/11 09:36:23 - STC_FACT_SO_ITEM_TED - Step CAT_MANG_ID.0 ended successfully, processed 9247 lines. ( 5 lines/s)
2013/04/11 09:36:23 - STC_FACT_SO_ITEM_TED - Step CAT_MANG_ID.1 ended successfully, processed 9246 lines. ( 5 lines/s)
2013/04/11 09:36:23 - STC_FACT_SO_ITEM_TED - Step FOOD_CAT_ID.0 ended successfully, processed 9247 lines. ( 5 lines/s)
2013/04/11 09:36:23 - STC_FACT_SO_ITEM_TED - Step FOOD_CAT_ID.1 ended successfully, processed 9246 lines. ( 5 lines/s)
2013/04/11 09:36:23 - STC_FACT_SO_ITEM_TED - Step Ship_to_address_ID .0 ended successfully, processed 9247 lines. ( 5 lines/s)
2013/04/11 09:36:23 - STC_FACT_SO_ITEM_TED - Step Ship_to_address_ID .1 ended successfully, processed 9246 lines. ( 5 lines/s)
2013/04/11 09:36:23 - STC_FACT_SO_ITEM_TED - Step BILL_TO_ADDRESS_ID.0 ended successfully, processed 9247 lines. ( 5 lines/s)
2013/04/11 09:36:23 - STC_FACT_SO_ITEM_TED - Step BILL_TO_ADDRESS_ID.1 ended successfully, processed 9246 lines. ( 5 lines/s)
2013/04/11 09:36:23 - STC_FACT_SO_ITEM_TED - Step LOCATION_ID.0 ended successfully, processed 9247 lines. ( 5 lines/s)
2013/04/11 09:36:23 - STC_FACT_SO_ITEM_TED - Step LOCATION_ID.1 ended successfully, processed 9246 lines. ( 5 lines/s)
2013/04/11 09:36:23 - STC_FACT_SO_ITEM_TED - Step PRICE_LIST_ID.0 ended successfully, processed 9247 lines. ( 5 lines/s)
2013/04/11 09:36:23 - STC_FACT_SO_ITEM_TED - Step PRICE_LIST_ID.1 ended successfully, processed 9246 lines. ( 5 lines/s)
2013/04/11 09:36:23 - STC_FACT_SO_ITEM_TED - Step Department_id.0 ended successfully, processed 9247 lines. ( 5 lines/s)
2013/04/11 09:36:23 - STC_FACT_SO_ITEM_TED - Step Department_id.1 ended successfully, processed 9246 lines. ( 5 lines/s)
2013/04/11 09:36:23 - STC_FACT_SO_ITEM_TED - Step CURRENCY_ID.0 ended successfully, processed 9247 lines. ( 5 lines/s)
2013/04/11 09:36:23 - STC_FACT_SO_ITEM_TED - Step CURRENCY_ID.1 ended successfully, processed 9246 lines. ( 5 lines/s)
2013/04/11 09:36:23 - STC_FACT_SO_ITEM_TED - Step Insert / Update.0 ended successfully, processed 18493 lines. ( 11 lines/s)
2013/04/11 09:36:23 - STC_FACT_SO_ITEM_TED - Step stc_dim_item_uom.0 ended successfully, processed 9247 lines. ( 5 lines/s)
2013/04/11 09:36:23 - STC_FACT_SO_ITEM_TED - Step stc_dim_item_uom.1 ended successfully, processed 9246 lines. ( 5 lines/s)
2013/04/11 09:36:23 - STC_FACT_SO_ITEM_TED - Step BRAND_ID.0 ended successfully, processed 0 lines. ( 0 lines/s)
2013/04/11 09:36:23 - STC_FACT_SO_ITEM_TED - Step BRAND_ID.1 ended successfully, processed 0 lines. ( 0 lines/s)
2013/04/11 09:36:23 - STC_FACT_SO_ITEM_TED - Step COLOR_ID.0 ended successfully, processed 0 lines. ( 0 lines/s)
2013/04/11 09:36:23 - STC_FACT_SO_ITEM_TED - Step COLOR_ID.1 ended successfully, processed 0 lines. ( 0 lines/s)
2013/04/11 09:36:23 - STC_FACT_SO_ITEM_TED - Step COUNTRY_ORIGIN_ID.0 ended successfully, processed 0 lines. ( 0 lines/s)
2013/04/11 09:36:23 - STC_FACT_SO_ITEM_TED - Step COUNTRY_ORIGIN_ID.1 ended successfully, processed 0 lines. ( 0 lines/s)
2013/04/11 09:36:23 - STC_FACT_SO_ITEM_TED - Step GRP_COMP_ID.0 ended successfully, processed 0 lines. ( 0 lines/s)
2013/04/11 09:36:23 - STC_FACT_SO_ITEM_TED - Step GRP_COMP_ID.1 ended successfully, processed 0 lines. ( 0 lines/s)
2013/04/11 09:36:23 - STC_FACT_SO_ITEM_TED - Step ITEM_UOM_ID.0 ended successfully, processed 0 lines. ( 0 lines/s)
2013/04/11 09:36:23 - STC_FACT_SO_ITEM_TED - Step ITEM_UOM_ID.1 ended successfully, processed 0 lines. ( 0 lines/s)
2013/04/11 09:36:23 - STC_FACT_SO_ITEM_TED - Step Set Variables.0 ended successfully, processed 0 lines. ( 0 lines/s)
2013/04/11 09:36:23 - STC_FACT_SO_ITEM_TED - Step Table output.0 ended successfully, processed 0 lines. ( 0 lines/s)
