2013/08/30 12:36:02 - Kitchen - Logging is at level : Basic logging
2013/08/30 12:36:02 - Kitchen - Start of run.
2013/08/30 12:36:02 - STC_ETL_WMS_WAVE_JOB - Start of job execution
2013/08/30 12:36:02 - STC_ETL_WMS_WAVE_JOB - Starting entry [WMS WAVE]
2013/08/30 12:36:03 - WMS WAVE - Starting entry [SetMaxETLDate]
2013/08/30 12:36:03 - SetMaxETLDate - Loading transformation from XML file [file:///E:/DW/Incremental_ETL/WMS/SetWMSMaxETLDate.ktr]
2013/08/30 12:36:05 - SetWMSMaxETLDate - Dispatching started for transformation [SetWMSMaxETLDate]
2013/08/30 12:36:06 - Set Module Name.0 - We didn't receive a row while setting the default values.
2013/08/30 12:36:06 - Set Module Name.0 - Set variable VARMODULENAME to value [WMS]
2013/08/30 12:36:06 - Set Module Name.0 - Finished after 0 rows.
2013/08/30 12:36:06 - WMS_INB.0 - Finished reading query, closing connection.
2013/08/30 12:36:06 - Set Variables 2 7.0 - Setting environment variables...
2013/08/30 12:36:06 - Set Variables 2 4.0 - Setting environment variables...
2013/08/30 12:36:06 - Set Variables 2 12.0 - Setting environment variables...
2013/08/30 12:36:06 - Set Variables 2 2.0 - Setting environment variables...
2013/08/30 12:36:06 - Set Variables 2 8.0 - Setting environment variables...
2013/08/30 12:36:06 - WMS_ADJ_VAR.0 - Finished reading query, closing connection.
2013/08/30 12:36:06 - Set Variables 2 13.0 - Setting environment variables...
2013/08/30 12:36:06 - Set Variables 2 6.0 - Setting environment variables...
2013/08/30 12:36:06 - WMS_WAVE.0 - Finished reading query, closing connection.
2013/08/30 12:36:06 - Set Variables 2 11.0 - Setting environment variables...
2013/08/30 12:36:06 - Set Variables 2.0 - Setting environment variables...
2013/08/30 12:36:06 - Set Variables 2 9.0 - Setting environment variables...
2013/08/30 12:36:06 - Set Variables 2 14.0 - Setting environment variables...
2013/08/30 12:36:06 - Set Variables 2 10.0 - Setting environment variables...
2013/08/30 12:36:06 - Set Variables 2 5.0 - Setting environment variables...
2013/08/30 12:36:06 - Set Variables 2 3.0 - Setting environment variables...
2013/08/30 12:36:06 - WMS_OBN.0 - Finished reading query, closing connection.
2013/08/30 12:36:06 - WMS_TRANSFER.0 - Finished reading query, closing connection.
2013/08/30 12:36:06 - WMS_POSITION.0 - Finished reading query, closing connection.
2013/08/30 12:36:06 - WMS_RCV_REF.0 - Finished reading query, closing connection.
2013/08/30 12:36:06 - WMS_WAVE_BATCH.0 - Finished reading query, closing connection.
2013/08/30 12:36:06 - WMS_CYL_CNT.0 - Finished reading query, closing connection.
2013/08/30 12:36:06 - WMS_PUTAWAY.0 - Finished reading query, closing connection.
2013/08/30 12:36:06 - WMS_POSITION_BATCH.0 - Finished reading query, closing connection.
2013/08/30 12:36:06 - WMS_RCV.0 - Finished reading query, closing connection.
2013/08/30 12:36:06 - WMS_INB_BATCH.0 - Finished reading query, closing connection.
2013/08/30 12:36:06 - WMS_OBN_BATCH.0 - Finished reading query, closing connection.
2013/08/30 12:36:06 - WMS_WORK_ORDER.0 - Finished reading query, closing connection.
2013/08/30 12:36:06 - WMS_PUTAWAY.0 - Finished processing (I=1, O=0, R=0, W=1, U=0, E=0)
2013/08/30 12:36:06 - WMS_WAVE_BATCH.0 - Finished processing (I=1, O=0, R=0, W=1, U=0, E=0)
2013/08/30 12:36:06 - WMS_CYL_CNT.0 - Finished processing (I=1, O=0, R=0, W=1, U=0, E=0)
2013/08/30 12:36:06 - WMS_RCV_REF.0 - Finished processing (I=1, O=0, R=0, W=1, U=0, E=0)
2013/08/30 12:36:06 - WMS_POSITION.0 - Finished processing (I=1, O=0, R=0, W=1, U=0, E=0)
2013/08/30 12:36:06 - WMS_TRANSFER.0 - Finished processing (I=1, O=0, R=0, W=1, U=0, E=0)
2013/08/30 12:36:06 - WMS_OBN.0 - Finished processing (I=1, O=0, R=0, W=1, U=0, E=0)
2013/08/30 12:36:06 - Set Variables 2 3.0 - Set variable MAXETLDATE_WMS_POSITION_BATCH to value [23-08-2013]
2013/08/30 12:36:06 - Set Variables 2 5.0 - Set variable MAXETLDATE_WMS_RCV to value [30-08-2013]
2013/08/30 12:36:06 - Set Variables 2 10.0 - Set variable MAXETLDATE_WMS_WORK_ORDER to value [23-08-2013]
2013/08/30 12:36:06 - Set Variables 2 14.0 - Set variable MAXETLDATE_WMS_OBN_BATCH to value [30-08-2013]
2013/08/30 12:36:06 - Set Variables 2 9.0 - Set variable MAXETLDATE_WMS_WAVE_BATCH to value [23-08-2013]
2013/08/30 12:36:06 - Set Variables 2.0 - Set variable MAXETLDATE_WMS_CYL_CNT to value [30-08-2013]
2013/08/30 12:36:06 - WMS_WAVE.0 - Finished processing (I=1, O=0, R=0, W=1, U=0, E=0)
2013/08/30 12:36:06 - Set Variables 2 11.0 - Set variable MAXETLDATE_WMS_INB to value [30-08-2013]
2013/08/30 12:36:06 - Set Variables 2 6.0 - Set variable MAXETLDATE_WMS_RCV_REF to value [30-08-2013]
2013/08/30 12:36:06 - WMS_ADJ_VAR.0 - Finished processing (I=1, O=0, R=0, W=1, U=0, E=0)
2013/08/30 12:36:06 - Set Variables 2 13.0 - Set variable MAXETLDATE_WMS_OBN to value [30-08-2013]
2013/08/30 12:36:06 - Set Variables 2 8.0 - Set variable MAXETLDATE_WMS_WAVE to value [23-08-2013]
2013/08/30 12:36:06 - Set Variables 2 2.0 - Set variable MAXETLDATE_WMS_POSITION to value [28-06-2013]
2013/08/30 12:36:06 - Set Variables 2 12.0 - Set variable MAXETLDATE_WMS_INB_BATCH to value [30-08-2013]
2013/08/30 12:36:06 - WMS_INB.0 - Finished processing (I=1, O=0, R=0, W=1, U=0, E=0)
2013/08/30 12:36:06 - Select values.0 - Finished processing (I=0, O=0, R=1, W=1, U=0, E=0)
2013/08/30 12:36:06 - Select values 2 12.0 - Finished processing (I=0, O=0, R=1, W=1, U=0, E=0)
2013/08/30 12:36:06 - Select values 2.0 - Finished processing (I=0, O=0, R=1, W=1, U=0, E=0)
2013/08/30 12:36:06 - Select values 2 13.0 - Finished processing (I=0, O=0, R=1, W=1, U=0, E=0)
2013/08/30 12:36:06 - Select values 2 4.0 - Finished processing (I=0, O=0, R=1, W=1, U=0, E=0)
2013/08/30 12:36:06 - Select values 2 6.0 - Finished processing (I=0, O=0, R=1, W=1, U=0, E=0)
2013/08/30 12:36:06 - Select values 2 2.0 - Finished processing (I=0, O=0, R=1, W=1, U=0, E=0)
2013/08/30 12:36:06 - Select values 2 8.0 - Finished processing (I=0, O=0, R=1, W=1, U=0, E=0)
2013/08/30 12:36:06 - Select values 2 7.0 - Finished processing (I=0, O=0, R=1, W=1, U=0, E=0)
2013/08/30 12:36:06 - Select values 2 5.0 - Finished processing (I=0, O=0, R=1, W=1, U=0, E=0)
2013/08/30 12:36:06 - Select values 2 10.0 - Finished processing (I=0, O=0, R=1, W=1, U=0, E=0)
2013/08/30 12:36:06 - Select values 2 3.0 - Finished processing (I=0, O=0, R=1, W=1, U=0, E=0)
2013/08/30 12:36:06 - Set Variables 2 4.0 - Set variable MAXETLDATE_WMS_PUTAWAY to value [30-08-2013]
2013/08/30 12:36:06 - Select values 2 11.0 - Finished processing (I=0, O=0, R=1, W=1, U=0, E=0)
2013/08/30 12:36:06 - Select values 2 14.0 - Finished processing (I=0, O=0, R=1, W=1, U=0, E=0)
2013/08/30 12:36:06 - Set Variables 2 7.0 - Set variable MAXETLDATE_WMS_TRANSFER to value [30-08-2013]
2013/08/30 12:36:06 - Select values 2 9.0 - Finished processing (I=0, O=0, R=1, W=1, U=0, E=0)
2013/08/30 12:36:06 - Set Variables.0 - Setting environment variables...
2013/08/30 12:36:07 - Set Variables 2 7.0 - Finished after 1 rows.
2013/08/30 12:36:06 - Set Variables 2 4.0 - Finished after 1 rows.
2013/08/30 12:36:06 - Set Variables 2 12.0 - Finished after 1 rows.
2013/08/30 12:36:06 - Set Variables 2 2.0 - Finished after 1 rows.
2013/08/30 12:36:06 - Set Variables 2 8.0 - Finished after 1 rows.
2013/08/30 12:36:06 - Set Variables 2 13.0 - Finished after 1 rows.
2013/08/30 12:36:06 - Set Variables 2 6.0 - Finished after 1 rows.
2013/08/30 12:36:06 - Set Variables 2 11.0 - Finished after 1 rows.
2013/08/30 12:36:06 - Set Variables 2.0 - Finished after 1 rows.
2013/08/30 12:36:06 - Set Variables 2 9.0 - Finished after 1 rows.
2013/08/30 12:36:06 - Set Variables 2 14.0 - Finished after 1 rows.
2013/08/30 12:36:06 - Set Variables 2 10.0 - Finished after 1 rows.
2013/08/30 12:36:06 - Set Variables 2 5.0 - Finished after 1 rows.
2013/08/30 12:36:06 - Set Variables 2 3.0 - Finished after 1 rows.
2013/08/30 12:36:06 - WMS_INB_BATCH.0 - Finished processing (I=1, O=0, R=0, W=1, U=0, E=0)
2013/08/30 12:36:06 - WMS_WORK_ORDER.0 - Finished processing (I=1, O=0, R=0, W=1, U=0, E=0)
2013/08/30 12:36:06 - WMS_OBN_BATCH.0 - Finished processing (I=1, O=0, R=0, W=1, U=0, E=0)
2013/08/30 12:36:06 - WMS_RCV.0 - Finished processing (I=1, O=0, R=0, W=1, U=0, E=0)
2013/08/30 12:36:06 - WMS_POSITION_BATCH.0 - Finished processing (I=1, O=0, R=0, W=1, U=0, E=0)
2013/08/30 12:36:07 - Set Variables 2 3.0 - Finished processing (I=0, O=0, R=1, W=1, U=0, E=0)
2013/08/30 12:36:07 - Set Variables 2 5.0 - Finished processing (I=0, O=0, R=1, W=1, U=0, E=0)
2013/08/30 12:36:07 - Set Variables 2 10.0 - Finished processing (I=0, O=0, R=1, W=1, U=0, E=0)
2013/08/30 12:36:07 - Set Variables 2 14.0 - Finished processing (I=0, O=0, R=1, W=1, U=0, E=0)
2013/08/30 12:36:07 - Set Variables 2 9.0 - Finished processing (I=0, O=0, R=1, W=1, U=0, E=0)
2013/08/30 12:36:07 - Set Variables 2.0 - Finished processing (I=0, O=0, R=1, W=1, U=0, E=0)
2013/08/30 12:36:07 - Set Variables 2 11.0 - Finished processing (I=0, O=0, R=1, W=1, U=0, E=0)
2013/08/30 12:36:07 - Set Variables 2 6.0 - Finished processing (I=0, O=0, R=1, W=1, U=0, E=0)
2013/08/30 12:36:07 - Set Variables 2 13.0 - Finished processing (I=0, O=0, R=1, W=1, U=0, E=0)
2013/08/30 12:36:07 - Set Variables 2 8.0 - Finished processing (I=0, O=0, R=1, W=1, U=0, E=0)
2013/08/30 12:36:07 - Set Variables 2 2.0 - Finished processing (I=0, O=0, R=1, W=1, U=0, E=0)
2013/08/30 12:36:07 - Set Variables 2 12.0 - Finished processing (I=0, O=0, R=1, W=1, U=0, E=0)
2013/08/30 12:36:07 - Set Variables 2 4.0 - Finished processing (I=0, O=0, R=1, W=1, U=0, E=0)
2013/08/30 12:36:07 - Set Variables 2 7.0 - Finished processing (I=0, O=0, R=1, W=1, U=0, E=0)
2013/08/30 12:36:07 - Set Variables.0 - Set variable MAXETLDATE_WMS_ADJ to value [30-08-2013]
2013/08/30 12:36:07 - Set Variables.0 - Finished after 1 rows.
2013/08/30 12:36:07 - Set Variables.0 - Finished processing (I=0, O=0, R=1, W=1, U=0, E=0)
2013/08/30 12:36:07 - WMS WAVE - Starting entry [WMS_WAVE_INCR]
2013/08/30 12:36:07 - WMS_WAVE_INCR - Loading transformation from XML file [file:///E:/DW/Incremental_ETL/WMS/STC_FACT_WMS_WAVE_INCR.ktr]
2013/08/30 12:36:07 - STC_FACT_WMS_WAVE_INCR - Dispatching started for transformation [STC_FACT_WMS_WAVE_INCR]
2013/08/30 12:36:08 - Table output.0 - Connected to database [Warehouse] (commit=10000)
2013/08/30 12:36:09 - Set Variables.0 - We didn't receive a row while setting the default values.
2013/08/30 12:36:09 - Set Variables.0 - Set variable VARFACTNAME to value [STC_FACT_WMS_WAVE]
2013/08/30 12:36:09 - Set Variables.0 - Finished after 0 rows.
2013/08/30 12:36:21 - Table input.0 - Finished reading query, closing connection.
2013/08/30 12:36:21 - Select values.0 - Finished processing (I=0, O=0, R=11964, W=11964, U=0, E=0)
2013/08/30 12:36:21 - Select values.1 - Finished processing (I=0, O=0, R=11963, W=11963, U=0, E=0)
2013/08/30 12:36:21 - Table input.0 - Finished processing (I=23927, O=0, R=0, W=23927, U=0, E=0)
2013/08/30 12:36:21 - WMS_RULE_ID.0 - Finished processing (I=11964, O=0, R=11964, W=11964, U=0, E=0)
2013/08/30 12:36:21 - COMP_ID.1 - Finished processing (I=11963, O=0, R=11963, W=11963, U=0, E=0)
2013/08/30 12:36:21 - COMP_ID.0 - Finished processing (I=11964, O=0, R=11964, W=11964, U=0, E=0)
2013/08/30 12:36:21 - WMS_RULE_ID.1 - Finished processing (I=11963, O=0, R=11963, W=11963, U=0, E=0)
2013/08/30 12:38:30 - CATEGORY_ID.1 - Finished processing (I=11963, O=0, R=11963, W=11963, U=0, E=0)
2013/08/30 12:38:31 - CATEGORY_ID.0 - Finished processing (I=11964, O=0, R=11964, W=11964, U=0, E=0)
2013/08/30 12:49:39 - ITEM_UOM_ID.1 - Finished processing (I=11836, O=0, R=11963, W=11963, U=0, E=0)
2013/08/30 12:49:39 - CUSTOMER_ID.1 - Finished processing (I=0, O=0, R=11963, W=11963, U=0, E=0)
2013/08/30 12:49:39 - LOCATION_ID.1 - Finished processing (I=11963, O=0, R=11963, W=11963, U=0, E=0)
2013/08/30 12:49:39 - TRAN_ID.1 - Finished processing (I=11963, O=0, R=11963, W=11963, U=0, E=0)
2013/08/30 12:49:39 - SIZE_ID.1 - Finished processing (I=11963, O=0, R=11963, W=11963, U=0, E=0)
2013/08/30 12:49:39 - Department_id.1 - Finished processing (I=11963, O=0, R=11963, W=11963, U=0, E=0)
2013/08/30 12:49:39 - ARTICLE_ID.1 - Finished processing (I=11963, O=0, R=11963, W=11963, U=0, E=0)
2013/08/30 12:49:39 - PACKING_ID.1 - Finished processing (I=11963, O=0, R=11963, W=11963, U=0, E=0)
2013/08/30 12:49:39 - CAT_MANG_ID.1 - Finished processing (I=11963, O=0, R=11963, W=11963, U=0, E=0)
2013/08/30 12:49:39 - WH_ID.1 - Finished processing (I=11963, O=0, R=11963, W=11963, U=0, E=0)
2013/08/30 12:49:39 - FOOD_CAT_ID.1 - Finished processing (I=11963, O=0, R=11963, W=11963, U=0, E=0)
2013/08/30 12:49:39 - GRADE1_ID.1 - Finished processing (I=11963, O=0, R=11963, W=11963, U=0, E=0)
2013/08/30 12:49:39 - ref_tran_id.1 - Finished processing (I=11963, O=0, R=11963, W=11963, U=0, E=0)
2013/08/30 12:49:39 - GRADE2_ID.1 - Finished processing (I=11963, O=0, R=11963, W=11963, U=0, E=0)
2013/08/30 12:49:40 - ITEM_ID.1 - Finished processing (I=11963, O=0, R=11963, W=11963, U=0, E=0)
2013/08/30 12:49:41 - ITEM_UOM_ID.0 - Finished processing (I=11837, O=0, R=11964, W=11964, U=0, E=0)
2013/08/30 12:49:41 - SIZE_ID.0 - Finished processing (I=11964, O=0, R=11964, W=11964, U=0, E=0)
2013/08/30 12:49:41 - LOCATION_ID.0 - Finished processing (I=11964, O=0, R=11964, W=11964, U=0, E=0)
2013/08/30 12:49:41 - Department_id.0 - Finished processing (I=11964, O=0, R=11964, W=11964, U=0, E=0)
2013/08/30 12:49:41 - GRADE1_ID.0 - Finished processing (I=11964, O=0, R=11964, W=11964, U=0, E=0)
2013/08/30 12:49:41 - GRADE2_ID.0 - Finished processing (I=11964, O=0, R=11964, W=11964, U=0, E=0)
2013/08/30 12:49:41 - PACKING_ID.0 - Finished processing (I=11964, O=0, R=11964, W=11964, U=0, E=0)
2013/08/30 12:49:41 - ref_tran_id.0 - Finished processing (I=11964, O=0, R=11964, W=11964, U=0, E=0)
2013/08/30 12:49:41 - FOOD_CAT_ID.0 - Finished processing (I=11964, O=0, R=11964, W=11964, U=0, E=0)
2013/08/30 12:49:41 - ARTICLE_ID.0 - Finished processing (I=11964, O=0, R=11964, W=11964, U=0, E=0)
2013/08/30 12:49:41 - CAT_MANG_ID.0 - Finished processing (I=11964, O=0, R=11964, W=11964, U=0, E=0)
2013/08/30 12:49:41 - WH_ID.0 - Finished processing (I=11964, O=0, R=11964, W=11964, U=0, E=0)
2013/08/30 12:49:41 - CUSTOMER_ID.0 - Finished processing (I=0, O=0, R=11964, W=11964, U=0, E=0)
2013/08/30 12:49:41 - TRAN_ID.0 - Finished processing (I=11964, O=0, R=11964, W=11964, U=0, E=0)
2013/08/30 12:49:41 - Insert / Update.0 - Finished processing (I=23927, O=14339, R=23927, W=23927, U=9588, E=0)
2013/08/30 12:49:41 - ITEM_ID.0 - Finished processing (I=11964, O=0, R=11964, W=11964, U=0, E=0)
2013/08/30 12:49:41 - WMS WAVE - Starting entry [PROG_ETL_LOG (8)]
2013/08/30 12:49:41 - PROG_ETL_LOG (8) - Loading transformation from XML file [E:\DW\Incremental_ETL\Common\PROG_ETL_LOG.ktr]
2013/08/30 12:49:41 - PROG_ETL_LOG (8) - Dispatching started for transformation [PROG_ETL_LOG]
2013/08/30 12:49:41 - Table input.0 - Finished reading query, closing connection.
2013/08/30 12:49:41 - Get System Info.0 - Finished processing (I=0, O=0, R=1, W=1, U=0, E=0)
2013/08/30 12:49:41 - Add sequence.0 - Finished processing (I=0, O=0, R=1, W=1, U=0, E=0)
2013/08/30 12:49:41 - Table input.0 - Finished processing (I=1, O=0, R=0, W=1, U=0, E=0)
2013/08/30 12:49:41 - Execute SQL script.0 - Finished reading query, closing connection.
2013/08/30 12:49:41 - Select values.0 - Finished processing (I=0, O=0, R=1, W=1, U=0, E=0)
2013/08/30 12:49:41 - Execute SQL script.0 - Finished processing (I=0, O=0, R=1, W=1, U=0, E=0)
2013/08/30 12:49:41 - WMS WAVE - Starting entry [WMS_WAVE_BATCH_INCR]
2013/08/30 12:49:41 - WMS_WAVE_BATCH_INCR - Loading transformation from XML file [file:///E:/DW/Incremental_ETL/WMS/STC_FACT_WMS_WAVE_BATCH_INCR.ktr]
2013/08/30 12:49:41 - STC_FACT_WMS_WAVE_BATCH_INCR - Dispatching started for transformation [STC_FACT_WMS_WAVE_BATCH_INCR]
2013/08/30 12:49:43 - Table output.0 - Connected to database [Warehouse] (commit=1000)
2013/08/30 12:49:43 - Set Variables.0 - We didn't receive a row while setting the default values.
2013/08/30 12:49:43 - Set Variables.0 - Set variable VARFACTNAME to value [STC_FACT_WMS_WAVE_BATCH]
2013/08/30 12:49:43 - Set Variables.0 - Finished after 0 rows.
2013/08/30 12:49:43 - Table input.0 - Finished reading query, closing connection.
2013/08/30 12:49:43 - WMS WAVE - Starting entry [PROG_ETL_LOG (9)]
2013/08/30 12:49:43 - PROG_ETL_LOG (8) - Loading transformation from XML file [E:\DW\Incremental_ETL\Common\PROG_ETL_LOG.ktr]
2013/08/30 12:49:44 - PROG_ETL_LOG (8) - Dispatching started for transformation [PROG_ETL_LOG]
2013/08/30 12:49:44 - Table input.0 - Finished reading query, closing connection.
2013/08/30 12:49:44 - Select values.0 - Finished processing (I=0, O=0, R=1, W=1, U=0, E=0)
2013/08/30 12:49:44 - Get System Info.0 - Finished processing (I=0, O=0, R=1, W=1, U=0, E=0)
2013/08/30 12:49:44 - Add sequence.0 - Finished processing (I=0, O=0, R=1, W=1, U=0, E=0)
2013/08/30 12:49:44 - Table input.0 - Finished processing (I=1, O=0, R=0, W=1, U=0, E=0)
2013/08/30 12:49:44 - Execute SQL script.0 - Finished reading query, closing connection.
2013/08/30 12:49:44 - Execute SQL script.0 - Finished processing (I=0, O=0, R=1, W=1, U=0, E=0)
2013/08/30 12:49:44 - WMS WAVE - Finished job entry [PROG_ETL_LOG (9)] (result=[true])
2013/08/30 12:49:44 - WMS WAVE - Finished job entry [WMS_WAVE_BATCH_INCR] (result=[true])
2013/08/30 12:49:44 - WMS WAVE - Finished job entry [PROG_ETL_LOG (8)] (result=[true])
2013/08/30 12:49:44 - WMS WAVE - Finished job entry [WMS_WAVE_INCR] (result=[true])
2013/08/30 12:49:44 - WMS WAVE - Finished job entry [SetMaxETLDate] (result=[true])
2013/08/30 12:49:44 - STC_ETL_WMS_WAVE_JOB - Finished job entry [WMS WAVE] (result=[true])
2013/08/30 12:49:44 - STC_ETL_WMS_WAVE_JOB - Job execution finished
