2013/08/30 11:40:02 - Kitchen - Logging is at level : Basic logging
2013/08/30 11:40:02 - Kitchen - Start of run.
2013/08/30 11:40:02 - STC_ETL_WMS_OBN_JOB - Start of job execution
2013/08/30 11:40:02 - STC_ETL_WMS_OBN_JOB - Starting entry [WMS OBN]
2013/08/30 11:40:03 - WMS OBN - Starting entry [SetMaxETLDate]
2013/08/30 11:40:03 - SetMaxETLDate - Loading transformation from XML file [file:///E:/DW/Incremental_ETL/WMS/SetWMSMaxETLDate.ktr]
2013/08/30 11:40:05 - SetWMSMaxETLDate - Dispatching started for transformation [SetWMSMaxETLDate]
2013/08/30 11:40:06 - Set Module Name.0 - We didn't receive a row while setting the default values.
2013/08/30 11:40:06 - Set Module Name.0 - Set variable VARMODULENAME to value [WMS]
2013/08/30 11:40:06 - Set Module Name.0 - Finished after 0 rows.
2013/08/30 11:40:06 - WMS_ADJ_VAR.0 - Finished reading query, closing connection.
2013/08/30 11:40:06 - Set Variables 2 7.0 - Setting environment variables...
2013/08/30 11:40:06 - Set Variables 2 11.0 - Setting environment variables...
2013/08/30 11:40:06 - Set Variables 2.0 - Setting environment variables...
2013/08/30 11:40:06 - Set Variables 2 8.0 - Setting environment variables...
2013/08/30 11:40:06 - Set Variables 2 13.0 - Setting environment variables...
2013/08/30 11:40:06 - Set Variables 2 9.0 - Setting environment variables...
2013/08/30 11:40:06 - Set Variables 2 12.0 - Setting environment variables...
2013/08/30 11:40:06 - Set Variables 2 10.0 - Setting environment variables...
2013/08/30 11:40:06 - Set Variables 2 5.0 - Setting environment variables...
2013/08/30 11:40:06 - Set Variables.0 - Setting environment variables...
2013/08/30 11:40:06 - Set Variables 2 6.0 - Setting environment variables...
2013/08/30 11:40:06 - Set Variables 2 2.0 - Setting environment variables...
2013/08/30 11:40:06 - Set Variables 2 3.0 - Setting environment variables...
2013/08/30 11:40:06 - Set Variables 2 4.0 - Setting environment variables...
2013/08/30 11:40:06 - Set Variables 2 14.0 - Setting environment variables...
2013/08/30 11:40:06 - WMS_INB.0 - Finished reading query, closing connection.
2013/08/30 11:40:06 - WMS_OBN_BATCH.0 - Finished reading query, closing connection.
2013/08/30 11:40:06 - WMS_RCV.0 - Finished reading query, closing connection.
2013/08/30 11:40:06 - WMS_RCV_REF.0 - Finished reading query, closing connection.
2013/08/30 11:40:06 - WMS_POSITION.0 - Finished reading query, closing connection.
2013/08/30 11:40:06 - WMS_INB_BATCH.0 - Finished reading query, closing connection.
2013/08/30 11:40:06 - WMS_WORK_ORDER.0 - Finished reading query, closing connection.
2013/08/30 11:40:06 - WMS_CYL_CNT.0 - Finished reading query, closing connection.
2013/08/30 11:40:06 - WMS_OBN.0 - Finished reading query, closing connection.
2013/08/30 11:40:06 - WMS_PUTAWAY.0 - Finished reading query, closing connection.
2013/08/30 11:40:06 - WMS_TRANSFER.0 - Finished reading query, closing connection.
2013/08/30 11:40:06 - WMS_WAVE_BATCH.0 - Finished reading query, closing connection.
2013/08/30 11:40:06 - WMS_WAVE.0 - Finished reading query, closing connection.
2013/08/30 11:40:06 - WMS_POSITION_BATCH.0 - Finished reading query, closing connection.
2013/08/30 11:40:06 - WMS_PUTAWAY.0 - Finished processing (I=1, O=0, R=0, W=1, U=0, E=0)
2013/08/30 11:40:06 - WMS_TRANSFER.0 - Finished processing (I=1, O=0, R=0, W=1, U=0, E=0)
2013/08/30 11:40:06 - WMS_OBN.0 - Finished processing (I=1, O=0, R=0, W=1, U=0, E=0)
2013/08/30 11:40:06 - WMS_CYL_CNT.0 - Finished processing (I=1, O=0, R=0, W=1, U=0, E=0)
2013/08/30 11:40:06 - WMS_WORK_ORDER.0 - Finished processing (I=1, O=0, R=0, W=1, U=0, E=0)
2013/08/30 11:40:06 - WMS_INB_BATCH.0 - Finished processing (I=1, O=0, R=0, W=1, U=0, E=0)
2013/08/30 11:40:06 - WMS_POSITION.0 - Finished processing (I=1, O=0, R=0, W=1, U=0, E=0)
2013/08/30 11:40:06 - WMS_RCV.0 - Finished processing (I=1, O=0, R=0, W=1, U=0, E=0)
2013/08/30 11:40:06 - WMS_RCV_REF.0 - Finished processing (I=1, O=0, R=0, W=1, U=0, E=0)
2013/08/30 11:40:06 - WMS_OBN_BATCH.0 - Finished processing (I=1, O=0, R=0, W=1, U=0, E=0)
2013/08/30 11:40:06 - WMS_INB.0 - Finished processing (I=1, O=0, R=0, W=1, U=0, E=0)
2013/08/30 11:40:06 - WMS_ADJ_VAR.0 - Finished processing (I=1, O=0, R=0, W=1, U=0, E=0)
2013/08/30 11:40:06 - Set Variables 2 14.0 - Set variable MAXETLDATE_WMS_OBN_BATCH to value [23-08-2013]
2013/08/30 11:40:06 - Set Variables 2 4.0 - Set variable MAXETLDATE_WMS_PUTAWAY to value [30-08-2013]
2013/08/30 11:40:06 - Set Variables 2 3.0 - Set variable MAXETLDATE_WMS_POSITION_BATCH to value [23-08-2013]
2013/08/30 11:40:06 - Set Variables 2 2.0 - Set variable MAXETLDATE_WMS_POSITION to value [28-06-2013]
2013/08/30 11:40:06 - Set Variables 2 6.0 - Set variable MAXETLDATE_WMS_RCV_REF to value [30-08-2013]
2013/08/30 11:40:06 - Set Variables.0 - Set variable MAXETLDATE_WMS_ADJ to value [30-08-2013]
2013/08/30 11:40:06 - Set Variables 2 5.0 - Set variable MAXETLDATE_WMS_RCV to value [30-08-2013]
2013/08/30 11:40:06 - Set Variables 2 10.0 - Set variable MAXETLDATE_WMS_WORK_ORDER to value [23-08-2013]
2013/08/30 11:40:06 - Set Variables 2 12.0 - Set variable MAXETLDATE_WMS_INB_BATCH to value [30-08-2013]
2013/08/30 11:40:06 - Set Variables 2 9.0 - Set variable MAXETLDATE_WMS_WAVE_BATCH to value [23-08-2013]
2013/08/30 11:40:06 - Set Variables 2 13.0 - Set variable MAXETLDATE_WMS_OBN to value [23-08-2013]
2013/08/30 11:40:06 - Set Variables 2 8.0 - Set variable MAXETLDATE_WMS_WAVE to value [23-08-2013]
2013/08/30 11:40:06 - Set Variables 2.0 - Set variable MAXETLDATE_WMS_CYL_CNT to value [30-08-2013]
2013/08/30 11:40:06 - Set Variables 2 11.0 - Set variable MAXETLDATE_WMS_INB to value [30-08-2013]
2013/08/30 11:40:06 - Select values 2 13.0 - Finished processing (I=0, O=0, R=1, W=1, U=0, E=0)
2013/08/30 11:40:06 - Select values 2 6.0 - Finished processing (I=0, O=0, R=1, W=1, U=0, E=0)
2013/08/30 11:40:06 - Select values 2 7.0 - Finished processing (I=0, O=0, R=1, W=1, U=0, E=0)
2013/08/30 11:40:06 - Select values 2 3.0 - Finished processing (I=0, O=0, R=1, W=1, U=0, E=0)
2013/08/30 11:40:06 - Select values 2 5.0 - Finished processing (I=0, O=0, R=1, W=1, U=0, E=0)
2013/08/30 11:40:06 - Select values 2 12.0 - Finished processing (I=0, O=0, R=1, W=1, U=0, E=0)
2013/08/30 11:40:06 - Select values 2 2.0 - Finished processing (I=0, O=0, R=1, W=1, U=0, E=0)
2013/08/30 11:40:06 - Select values 2 4.0 - Finished processing (I=0, O=0, R=1, W=1, U=0, E=0)
2013/08/30 11:40:06 - Select values 2.0 - Finished processing (I=0, O=0, R=1, W=1, U=0, E=0)
2013/08/30 11:40:06 - Select values 2 11.0 - Finished processing (I=0, O=0, R=1, W=1, U=0, E=0)
2013/08/30 11:40:06 - Select values 2 10.0 - Finished processing (I=0, O=0, R=1, W=1, U=0, E=0)
2013/08/30 11:40:06 - Select values 2 8.0 - Finished processing (I=0, O=0, R=1, W=1, U=0, E=0)
2013/08/30 11:40:06 - Select values 2 14.0 - Finished processing (I=0, O=0, R=1, W=1, U=0, E=0)
2013/08/30 11:40:06 - Select values 2 9.0 - Finished processing (I=0, O=0, R=1, W=1, U=0, E=0)
2013/08/30 11:40:06 - Select values.0 - Finished processing (I=0, O=0, R=1, W=1, U=0, E=0)
2013/08/30 11:40:06 - Set Variables 2 7.0 - Set variable MAXETLDATE_WMS_TRANSFER to value [30-08-2013]
2013/08/30 11:40:07 - Set Variables 2 11.0 - Finished after 1 rows.
2013/08/30 11:40:07 - Set Variables 2.0 - Finished after 1 rows.
2013/08/30 11:40:07 - Set Variables 2 8.0 - Finished after 1 rows.
2013/08/30 11:40:07 - Set Variables 2 13.0 - Finished after 1 rows.
2013/08/30 11:40:07 - Set Variables 2 9.0 - Finished after 1 rows.
2013/08/30 11:40:07 - Set Variables 2 12.0 - Finished after 1 rows.
2013/08/30 11:40:07 - Set Variables 2 10.0 - Finished after 1 rows.
2013/08/30 11:40:07 - Set Variables 2 5.0 - Finished after 1 rows.
2013/08/30 11:40:06 - Set Variables.0 - Finished after 1 rows.
2013/08/30 11:40:06 - Set Variables 2 6.0 - Finished after 1 rows.
2013/08/30 11:40:06 - Set Variables 2 2.0 - Finished after 1 rows.
2013/08/30 11:40:06 - Set Variables 2 3.0 - Finished after 1 rows.
2013/08/30 11:40:06 - Set Variables 2 4.0 - Finished after 1 rows.
2013/08/30 11:40:06 - Set Variables 2 14.0 - Finished after 1 rows.
2013/08/30 11:40:06 - WMS_POSITION_BATCH.0 - Finished processing (I=1, O=0, R=0, W=1, U=0, E=0)
2013/08/30 11:40:06 - WMS_WAVE.0 - Finished processing (I=1, O=0, R=0, W=1, U=0, E=0)
2013/08/30 11:40:06 - WMS_WAVE_BATCH.0 - Finished processing (I=1, O=0, R=0, W=1, U=0, E=0)
2013/08/30 11:40:07 - Set Variables 2 14.0 - Finished processing (I=0, O=0, R=1, W=1, U=0, E=0)
2013/08/30 11:40:07 - Set Variables 2 4.0 - Finished processing (I=0, O=0, R=1, W=1, U=0, E=0)
2013/08/30 11:40:07 - Set Variables 2 3.0 - Finished processing (I=0, O=0, R=1, W=1, U=0, E=0)
2013/08/30 11:40:07 - Set Variables 2 2.0 - Finished processing (I=0, O=0, R=1, W=1, U=0, E=0)
2013/08/30 11:40:07 - Set Variables 2 6.0 - Finished processing (I=0, O=0, R=1, W=1, U=0, E=0)
2013/08/30 11:40:07 - Set Variables.0 - Finished processing (I=0, O=0, R=1, W=1, U=0, E=0)
2013/08/30 11:40:07 - Set Variables 2 5.0 - Finished processing (I=0, O=0, R=1, W=1, U=0, E=0)
2013/08/30 11:40:07 - Set Variables 2 10.0 - Finished processing (I=0, O=0, R=1, W=1, U=0, E=0)
2013/08/30 11:40:07 - Set Variables 2 12.0 - Finished processing (I=0, O=0, R=1, W=1, U=0, E=0)
2013/08/30 11:40:07 - Set Variables 2 9.0 - Finished processing (I=0, O=0, R=1, W=1, U=0, E=0)
2013/08/30 11:40:07 - Set Variables 2 13.0 - Finished processing (I=0, O=0, R=1, W=1, U=0, E=0)
2013/08/30 11:40:07 - Set Variables 2 8.0 - Finished processing (I=0, O=0, R=1, W=1, U=0, E=0)
2013/08/30 11:40:07 - Set Variables 2.0 - Finished processing (I=0, O=0, R=1, W=1, U=0, E=0)
2013/08/30 11:40:07 - Set Variables 2 11.0 - Finished processing (I=0, O=0, R=1, W=1, U=0, E=0)
2013/08/30 11:40:07 - Set Variables 2 7.0 - Finished after 1 rows.
2013/08/30 11:40:07 - Set Variables 2 7.0 - Finished processing (I=0, O=0, R=1, W=1, U=0, E=0)
2013/08/30 11:40:07 - WMS OBN - Starting entry [WMS_OBN_INCR]
2013/08/30 11:40:07 - WMS_OBN_INCR - Loading transformation from XML file [file:///E:/DW/Incremental_ETL/WMS/STC_FACT_WMS_OBN_INCR.ktr]
2013/08/30 11:40:07 - STC_FACT_WMS_OBN_INCR - Dispatching started for transformation [STC_FACT_WMS_OBN_INCR]
2013/08/30 11:40:09 - Table output.0 - Connected to database [Warehouse] (commit=1000)
2013/08/30 11:40:09 - Set Variables.0 - We didn't receive a row while setting the default values.
2013/08/30 11:40:09 - Set Variables.0 - Set variable VARFACTNAME to value [STC_FACT_WMS_OBN]
2013/08/30 11:40:09 - Set Variables.0 - Finished after 0 rows.
2013/08/30 11:40:30 - Table input.0 - Finished reading query, closing connection.
2013/08/30 11:40:30 - Select values.1 - Finished processing (I=0, O=0, R=19660, W=19660, U=0, E=0)
2013/08/30 11:40:30 - Select values.0 - Finished processing (I=0, O=0, R=19661, W=19661, U=0, E=0)
2013/08/30 11:40:30 - Table input.0 - Finished processing (I=39321, O=0, R=0, W=39321, U=0, E=0)
2013/08/30 11:40:34 - Department_id.0 - Finished processing (I=19661, O=0, R=19661, W=19661, U=0, E=0)
2013/08/30 11:40:35 - Department_id.1 - Finished processing (I=19660, O=0, R=19660, W=19660, U=0, E=0)
2013/08/30 11:40:36 - REF_TRAN_ID.1 - Finished processing (I=19660, O=0, R=19660, W=19660, U=0, E=0)
2013/08/30 11:40:36 - COMP_ID.1 - Finished processing (I=19660, O=0, R=19660, W=19660, U=0, E=0)
2013/08/30 11:40:36 - CATEGORY_ID.1 - Finished processing (I=19660, O=0, R=19660, W=19660, U=0, E=0)
2013/08/30 11:40:36 - ARTICLE_ID.1 - Finished processing (I=19660, O=0, R=19660, W=19660, U=0, E=0)
2013/08/30 11:40:36 - CAT_MANG_ID.1 - Finished processing (I=19660, O=0, R=19660, W=19660, U=0, E=0)
2013/08/30 11:40:36 - FOOD_CAT_ID.1 - Finished processing (I=19660, O=0, R=19660, W=19660, U=0, E=0)
2013/08/30 11:40:36 - PACKING_ID.1 - Finished processing (I=19660, O=0, R=19660, W=19660, U=0, E=0)
2013/08/30 11:40:36 - SIZE_ID.1 - Finished processing (I=19660, O=0, R=19660, W=19660, U=0, E=0)
2013/08/30 11:40:36 - WH_ID.1 - Finished processing (I=14410, O=0, R=19660, W=19660, U=0, E=0)
2013/08/30 11:40:36 - LOCATION_ID.1 - Finished processing (I=19660, O=0, R=19660, W=19660, U=0, E=0)
2013/08/30 11:40:36 - REF_TRAN_ID.0 - Finished processing (I=19661, O=0, R=19661, W=19661, U=0, E=0)
2013/08/30 11:40:36 - COMP_ID.0 - Finished processing (I=19661, O=0, R=19661, W=19661, U=0, E=0)
2013/08/30 11:40:36 - CATEGORY_ID.0 - Finished processing (I=19661, O=0, R=19661, W=19661, U=0, E=0)
2013/08/30 11:40:37 - ARTICLE_ID.0 - Finished processing (I=19661, O=0, R=19661, W=19661, U=0, E=0)
2013/08/30 11:40:37 - CAT_MANG_ID.0 - Finished processing (I=19661, O=0, R=19661, W=19661, U=0, E=0)
2013/08/30 11:40:37 - FOOD_CAT_ID.0 - Finished processing (I=19661, O=0, R=19661, W=19661, U=0, E=0)
2013/08/30 11:40:37 - PACKING_ID.0 - Finished processing (I=19661, O=0, R=19661, W=19661, U=0, E=0)
2013/08/30 11:40:37 - SIZE_ID.0 - Finished processing (I=19661, O=0, R=19661, W=19661, U=0, E=0)
2013/08/30 11:40:37 - WH_ID.0 - Finished processing (I=14346, O=0, R=19661, W=19661, U=0, E=0)
2013/08/30 11:40:37 - LOCATION_ID.0 - Finished processing (I=19661, O=0, R=19661, W=19661, U=0, E=0)
2013/08/30 11:41:40 - TRAN_ID.0 - Finished processing (I=19661, O=0, R=19661, W=19661, U=0, E=0)
2013/08/30 11:41:42 - TRAN_ID.1 - Finished processing (I=19660, O=0, R=19660, W=19660, U=0, E=0)
2013/08/30 11:43:03 - CUSTOMER_ID.0 - Finished processing (I=19490, O=0, R=19661, W=19661, U=0, E=0)
2013/08/30 11:43:03 - GRADE1_ID.0 - Finished processing (I=19661, O=0, R=19661, W=19661, U=0, E=0)
2013/08/30 11:43:08 - CUSTOMER_ID.1 - Finished processing (I=19476, O=0, R=19660, W=19660, U=0, E=0)
2013/08/30 11:43:08 - GRADE1_ID.1 - Finished processing (I=19660, O=0, R=19660, W=19660, U=0, E=0)
2013/08/30 11:48:29 - GRADE2_ID.1 - Finished processing (I=19660, O=0, R=19660, W=19660, U=0, E=0)
2013/08/30 11:48:44 - GRADE2_ID.0 - Finished processing (I=19661, O=0, R=19661, W=19661, U=0, E=0)
2013/08/30 11:56:45 - ITEM_ID.1 - Finished processing (I=19660, O=0, R=19660, W=19660, U=0, E=0)
2013/08/30 11:57:01 - ITEM_ID.0 - Finished processing (I=19661, O=0, R=19661, W=19661, U=0, E=0)
2013/08/30 11:57:01 - Insert / Update.0 - Finished processing (I=39321, O=37749, R=39321, W=39321, U=0, E=0)
2013/08/30 11:57:01 - WMS OBN - Starting entry [PROG_ETL_LOG (13)]
2013/08/30 11:57:01 - PROG_ETL_LOG (13) - Loading transformation from XML file [E:\DW\Incremental_ETL\Common\PROG_ETL_LOG.ktr]
2013/08/30 11:57:01 - PROG_ETL_LOG (13) - Dispatching started for transformation [PROG_ETL_LOG]
2013/08/30 11:57:02 - Table input.0 - Finished reading query, closing connection.
2013/08/30 11:57:02 - Add sequence.0 - Finished processing (I=0, O=0, R=1, W=1, U=0, E=0)
2013/08/30 11:57:02 - Get System Info.0 - Finished processing (I=0, O=0, R=1, W=1, U=0, E=0)
2013/08/30 11:57:02 - Select values.0 - Finished processing (I=0, O=0, R=1, W=1, U=0, E=0)
2013/08/30 11:57:02 - Table input.0 - Finished processing (I=1, O=0, R=0, W=1, U=0, E=0)
2013/08/30 11:57:02 - Execute SQL script.0 - Finished reading query, closing connection.
2013/08/30 11:57:02 - Execute SQL script.0 - Finished processing (I=0, O=0, R=1, W=1, U=0, E=0)
2013/08/30 11:57:02 - WMS OBN - Starting entry [WMS_OBN_BATCH_INCR]
2013/08/30 11:57:02 - WMS_OBN_BATCH_INCR - Loading transformation from XML file [file:///E:/DW/Incremental_ETL/WMS/STC_FACT_WMS_OBN_BATCH_INCR.ktr]
2013/08/30 11:57:02 - STC_FACT_WMS_OBN_BATCH_INCR - Dispatching started for transformation [STC_FACT_WMS_OBN_BATCH_INCR]
2013/08/30 11:57:03 - Table output.0 - Connected to database [Warehouse] (commit=1000)
2013/08/30 11:57:04 - Set Variables.0 - We didn't receive a row while setting the default values.
2013/08/30 11:57:04 - Set Variables.0 - Set variable VARFACTNAME to value [STC_FACT_WMS_OBN_BATCH]
2013/08/30 11:57:04 - Set Variables.0 - Finished after 0 rows.
2013/08/30 11:57:04 - Table input.0 - Finished reading query, closing connection.
2013/08/30 11:57:04 - Select values.1 - Finished processing (I=0, O=0, R=68, W=68, U=0, E=0)
2013/08/30 11:57:04 - Select values.0 - Finished processing (I=0, O=0, R=68, W=68, U=0, E=0)
2013/08/30 11:57:04 - Table input.0 - Finished processing (I=136, O=0, R=0, W=136, U=0, E=0)
2013/08/30 11:57:04 - HOST_TXN_ID.1 - Finished processing (I=0, O=0, R=68, W=68, U=0, E=0)
2013/08/30 11:57:04 - SIZE_ID.1 - Finished processing (I=68, O=0, R=68, W=68, U=0, E=0)
2013/08/30 11:57:04 - COMP_ID.0 - Finished processing (I=68, O=0, R=68, W=68, U=0, E=0)
2013/08/30 11:57:04 - HOST_TXN_ID.0 - Finished processing (I=0, O=0, R=68, W=68, U=0, E=0)
2013/08/30 11:57:04 - CAT_MANG_ID.0 - Finished processing (I=68, O=0, R=68, W=68, U=0, E=0)
2013/08/30 11:57:04 - ARTICLE_ID.1 - Finished processing (I=68, O=0, R=68, W=68, U=0, E=0)
2013/08/30 11:57:04 - PACKING_ID.0 - Finished processing (I=68, O=0, R=68, W=68, U=0, E=0)
2013/08/30 11:57:04 - CATEGORY_ID.0 - Finished processing (I=68, O=0, R=68, W=68, U=0, E=0)
2013/08/30 11:57:04 - CAT_MANG_ID.1 - Finished processing (I=68, O=0, R=68, W=68, U=0, E=0)
2013/08/30 11:57:04 - CATEGORY_ID.1 - Finished processing (I=68, O=0, R=68, W=68, U=0, E=0)
2013/08/30 11:57:04 - ARTICLE_ID.0 - Finished processing (I=68, O=0, R=68, W=68, U=0, E=0)
2013/08/30 11:57:04 - FOOD_CAT_ID.0 - Finished processing (I=68, O=0, R=68, W=68, U=0, E=0)
2013/08/30 11:57:04 - Department_id.0 - Finished processing (I=68, O=0, R=68, W=68, U=0, E=0)
2013/08/30 11:57:04 - SIZE_ID.0 - Finished processing (I=68, O=0, R=68, W=68, U=0, E=0)
2013/08/30 11:57:04 - PACKING_ID.1 - Finished processing (I=68, O=0, R=68, W=68, U=0, E=0)
2013/08/30 11:57:04 - Department_id.1 - Finished processing (I=68, O=0, R=68, W=68, U=0, E=0)
2013/08/30 11:57:04 - COMP_ID.1 - Finished processing (I=68, O=0, R=68, W=68, U=0, E=0)
2013/08/30 11:57:04 - FOOD_CAT_ID.1 - Finished processing (I=68, O=0, R=68, W=68, U=0, E=0)
2013/08/30 11:57:04 - WH_ID.0 - Finished processing (I=68, O=0, R=68, W=68, U=0, E=0)
2013/08/30 11:57:04 - WH_ID.1 - Finished processing (I=68, O=0, R=68, W=68, U=0, E=0)
2013/08/30 11:57:04 - LOCATION_ID.1 - Finished processing (I=68, O=0, R=68, W=68, U=0, E=0)
2013/08/30 11:57:04 - LOCATION_ID.0 - Finished processing (I=68, O=0, R=68, W=68, U=0, E=0)
2013/08/30 11:57:05 - CUSTOMER_ID 2.1 - Finished processing (I=2, O=0, R=68, W=68, U=0, E=0)
2013/08/30 11:57:05 - ref_tran_id.1 - Finished processing (I=68, O=0, R=68, W=68, U=0, E=0)
2013/08/30 11:57:05 - TRAN_ID.0 - Finished processing (I=68, O=0, R=68, W=68, U=0, E=0)
2013/08/30 11:57:05 - GRADE1_ID.1 - Finished processing (I=68, O=0, R=68, W=68, U=0, E=0)
2013/08/30 11:57:05 - GRADE1_ID.0 - Finished processing (I=68, O=0, R=68, W=68, U=0, E=0)
2013/08/30 11:57:05 - TRAN_ID.1 - Finished processing (I=68, O=0, R=68, W=68, U=0, E=0)
2013/08/30 11:57:05 - ref_tran_id.0 - Finished processing (I=68, O=0, R=68, W=68, U=0, E=0)
2013/08/30 11:57:05 - CUSTOMER_ID 2.0 - Finished processing (I=3, O=0, R=68, W=68, U=0, E=0)
2013/08/30 11:57:05 - GRADE2_ID.1 - Finished processing (I=68, O=0, R=68, W=68, U=0, E=0)
2013/08/30 11:57:05 - GRADE2_ID.0 - Finished processing (I=68, O=0, R=68, W=68, U=0, E=0)
2013/08/30 11:57:08 - ITEM_ID.0 - Finished processing (I=68, O=0, R=68, W=68, U=0, E=0)
2013/08/30 11:57:08 - ITEM_ID.1 - Finished processing (I=68, O=0, R=68, W=68, U=0, E=0)
2013/08/30 11:57:08 - Insert / Update.0 - Finished processing (I=136, O=136, R=136, W=136, U=0, E=0)
2013/08/30 11:57:08 - WMS OBN - Starting entry [PROG_ETL_LOG (14)]
2013/08/30 11:57:08 - PROG_ETL_LOG (13) - Loading transformation from XML file [E:\DW\Incremental_ETL\Common\PROG_ETL_LOG.ktr]
2013/08/30 11:57:08 - PROG_ETL_LOG (13) - Dispatching started for transformation [PROG_ETL_LOG]
2013/08/30 11:57:08 - Table input.0 - Finished reading query, closing connection.
2013/08/30 11:57:08 - Add sequence.0 - Finished processing (I=0, O=0, R=1, W=1, U=0, E=0)
2013/08/30 11:57:08 - Get System Info.0 - Finished processing (I=0, O=0, R=1, W=1, U=0, E=0)
2013/08/30 11:57:08 - Select values.0 - Finished processing (I=0, O=0, R=1, W=1, U=0, E=0)
2013/08/30 11:57:08 - Table input.0 - Finished processing (I=1, O=0, R=0, W=1, U=0, E=0)
2013/08/30 11:57:08 - Execute SQL script.0 - Finished reading query, closing connection.
2013/08/30 11:57:08 - Execute SQL script.0 - Finished processing (I=0, O=0, R=1, W=1, U=0, E=0)
2013/08/30 11:57:08 - WMS OBN - Finished job entry [PROG_ETL_LOG (14)] (result=[true])
2013/08/30 11:57:08 - WMS OBN - Finished job entry [WMS_OBN_BATCH_INCR] (result=[true])
2013/08/30 11:57:08 - WMS OBN - Finished job entry [PROG_ETL_LOG (13)] (result=[true])
2013/08/30 11:57:08 - WMS OBN - Finished job entry [WMS_OBN_INCR] (result=[true])
2013/08/30 11:57:08 - WMS OBN - Finished job entry [SetMaxETLDate] (result=[true])
2013/08/30 11:57:08 - STC_ETL_WMS_OBN_JOB - Finished job entry [WMS OBN] (result=[true])
2013/08/30 11:57:08 - STC_ETL_WMS_OBN_JOB - Job execution finished
