2013/08/30 16:05:02 - Kitchen - Logging is at level : Basic logging
2013/08/30 16:05:02 - Kitchen - Start of run.
2013/08/30 16:05:02 - STC_ETL_WMS_WORK_ORDER_JOB - Start of job execution
2013/08/30 16:05:02 - STC_ETL_WMS_WORK_ORDER_JOB - Starting entry [WMS WORK ORDER]
2013/08/30 16:05:02 - WMS WORK ORDER - Starting entry [SetMaxETLDate]
2013/08/30 16:05:02 - SetMaxETLDate - Loading transformation from XML file [file:///E:/DW/Incremental_ETL/WMS/SetWMSMaxETLDate.ktr]
2013/08/30 16:05:05 - SetWMSMaxETLDate - Dispatching started for transformation [SetWMSMaxETLDate]
2013/08/30 16:05:06 - Set Module Name.0 - We didn't receive a row while setting the default values.
2013/08/30 16:05:06 - Set Module Name.0 - Set variable VARMODULENAME to value [WMS]
2013/08/30 16:05:06 - Set Module Name.0 - Finished after 0 rows.
2013/08/30 16:05:06 - WMS_ADJ_VAR.0 - Finished reading query, closing connection.
2013/08/30 16:05:06 - Set Variables 2 5.0 - Setting environment variables...
2013/08/30 16:05:06 - Set Variables 2 13.0 - Setting environment variables...
2013/08/30 16:05:06 - Set Variables 2 8.0 - Setting environment variables...
2013/08/30 16:05:06 - Set Variables 2 12.0 - Setting environment variables...
2013/08/30 16:05:06 - Set Variables 2 7.0 - Setting environment variables...
2013/08/30 16:05:06 - Set Variables 2 11.0 - Setting environment variables...
2013/08/30 16:05:06 - Set Variables 2 2.0 - Setting environment variables...
2013/08/30 16:05:06 - Set Variables 2 3.0 - Setting environment variables...
2013/08/30 16:05:06 - Set Variables 2.0 - Setting environment variables...
2013/08/30 16:05:06 - Set Variables 2 9.0 - Setting environment variables...
2013/08/30 16:05:06 - Set Variables 2 14.0 - Setting environment variables...
2013/08/30 16:05:06 - Set Variables 2 4.0 - Setting environment variables...
2013/08/30 16:05:06 - Set Variables 2 6.0 - Setting environment variables...
2013/08/30 16:05:06 - Set Variables.0 - Setting environment variables...
2013/08/30 16:05:06 - Set Variables 2 10.0 - Setting environment variables...
2013/08/30 16:05:06 - WMS_OBN.0 - Finished reading query, closing connection.
2013/08/30 16:05:06 - WMS_POSITION.0 - Finished reading query, closing connection.
2013/08/30 16:05:06 - WMS_WORK_ORDER.0 - Finished reading query, closing connection.
2013/08/30 16:05:06 - WMS_POSITION.0 - Finished processing (I=1, O=0, R=0, W=1, U=0, E=0)
2013/08/30 16:05:06 - WMS_WAVE.0 - Finished reading query, closing connection.
2013/08/30 16:05:06 - WMS_TRANSFER.0 - Finished reading query, closing connection.
2013/08/30 16:05:06 - WMS_RCV_REF.0 - Finished reading query, closing connection.
2013/08/30 16:05:06 - WMS_PUTAWAY.0 - Finished reading query, closing connection.
2013/08/30 16:05:06 - WMS_INB.0 - Finished reading query, closing connection.
2013/08/30 16:05:06 - WMS_OBN_BATCH.0 - Finished reading query, closing connection.
2013/08/30 16:05:06 - WMS_WAVE_BATCH.0 - Finished reading query, closing connection.
2013/08/30 16:05:06 - WMS_CYL_CNT.0 - Finished reading query, closing connection.
2013/08/30 16:05:06 - WMS_INB_BATCH.0 - Finished reading query, closing connection.
2013/08/30 16:05:06 - WMS_RCV.0 - Finished reading query, closing connection.
2013/08/30 16:05:06 - WMS_POSITION_BATCH.0 - Finished reading query, closing connection.
2013/08/30 16:05:06 - WMS_CYL_CNT.0 - Finished processing (I=1, O=0, R=0, W=1, U=0, E=0)
2013/08/30 16:05:06 - WMS_INB_BATCH.0 - Finished processing (I=1, O=0, R=0, W=1, U=0, E=0)
2013/08/30 16:05:06 - WMS_WAVE_BATCH.0 - Finished processing (I=1, O=0, R=0, W=1, U=0, E=0)
2013/08/30 16:05:06 - WMS_OBN_BATCH.0 - Finished processing (I=1, O=0, R=0, W=1, U=0, E=0)
2013/08/30 16:05:06 - WMS_INB.0 - Finished processing (I=1, O=0, R=0, W=1, U=0, E=0)
2013/08/30 16:05:06 - WMS_PUTAWAY.0 - Finished processing (I=1, O=0, R=0, W=1, U=0, E=0)
2013/08/30 16:05:06 - WMS_RCV_REF.0 - Finished processing (I=1, O=0, R=0, W=1, U=0, E=0)
2013/08/30 16:05:06 - WMS_TRANSFER.0 - Finished processing (I=1, O=0, R=0, W=1, U=0, E=0)
2013/08/30 16:05:06 - WMS_WAVE.0 - Finished processing (I=1, O=0, R=0, W=1, U=0, E=0)
2013/08/30 16:05:06 - WMS_WORK_ORDER.0 - Finished processing (I=1, O=0, R=0, W=1, U=0, E=0)
2013/08/30 16:05:06 - WMS_OBN.0 - Finished processing (I=1, O=0, R=0, W=1, U=0, E=0)
2013/08/30 16:05:06 - Set Variables 2 10.0 - Set variable MAXETLDATE_WMS_WORK_ORDER to value [23-08-2013]
2013/08/30 16:05:06 - Set Variables.0 - Set variable MAXETLDATE_WMS_ADJ to value [30-08-2013]
2013/08/30 16:05:06 - Set Variables 2 6.0 - Set variable MAXETLDATE_WMS_RCV_REF to value [30-08-2013]
2013/08/30 16:05:06 - Set Variables 2 4.0 - Set variable MAXETLDATE_WMS_PUTAWAY to value [30-08-2013]
2013/08/30 16:05:06 - Set Variables 2 14.0 - Set variable MAXETLDATE_WMS_OBN_BATCH to value [30-08-2013]
2013/08/30 16:05:06 - Set Variables 2 9.0 - Set variable MAXETLDATE_WMS_WAVE_BATCH to value [30-08-2013]
2013/08/30 16:05:06 - Set Variables 2.0 - Set variable MAXETLDATE_WMS_CYL_CNT to value [30-08-2013]
2013/08/30 16:05:06 - Set Variables 2 3.0 - Set variable MAXETLDATE_WMS_POSITION_BATCH to value [23-08-2013]
2013/08/30 16:05:06 - Set Variables 2 2.0 - Set variable MAXETLDATE_WMS_POSITION to value [28-06-2013]
2013/08/30 16:05:06 - Set Variables 2 11.0 - Set variable MAXETLDATE_WMS_INB to value [30-08-2013]
2013/08/30 16:05:06 - WMS_ADJ_VAR.0 - Finished processing (I=1, O=0, R=0, W=1, U=0, E=0)
2013/08/30 16:05:06 - Set Variables 2 7.0 - Set variable MAXETLDATE_WMS_TRANSFER to value [30-08-2013]
2013/08/30 16:05:06 - Set Variables 2 12.0 - Set variable MAXETLDATE_WMS_INB_BATCH to value [30-08-2013]
2013/08/30 16:05:06 - Set Variables 2 8.0 - Set variable MAXETLDATE_WMS_WAVE to value [30-08-2013]
2013/08/30 16:05:06 - Set Variables 2 13.0 - Set variable MAXETLDATE_WMS_OBN to value [30-08-2013]
2013/08/30 16:05:06 - Set Variables 2 5.0 - Set variable MAXETLDATE_WMS_RCV to value [30-08-2013]
2013/08/30 16:05:06 - Select values 2 13.0 - Finished processing (I=0, O=0, R=1, W=1, U=0, E=0)
2013/08/30 16:05:06 - Select values 2 12.0 - Finished processing (I=0, O=0, R=1, W=1, U=0, E=0)
2013/08/30 16:05:06 - Select values 2 11.0 - Finished processing (I=0, O=0, R=1, W=1, U=0, E=0)
2013/08/30 16:05:06 - Select values 2 9.0 - Finished processing (I=0, O=0, R=1, W=1, U=0, E=0)
2013/08/30 16:05:06 - Select values 2.0 - Finished processing (I=0, O=0, R=1, W=1, U=0, E=0)
2013/08/30 16:05:06 - Select values 2 4.0 - Finished processing (I=0, O=0, R=1, W=1, U=0, E=0)
2013/08/30 16:05:06 - Select values 2 5.0 - Finished processing (I=0, O=0, R=1, W=1, U=0, E=0)
2013/08/30 16:05:06 - Select values 2 10.0 - Finished processing (I=0, O=0, R=1, W=1, U=0, E=0)
2013/08/30 16:05:06 - Select values 2 14.0 - Finished processing (I=0, O=0, R=1, W=1, U=0, E=0)
2013/08/30 16:05:06 - Select values 2 7.0 - Finished processing (I=0, O=0, R=1, W=1, U=0, E=0)
2013/08/30 16:05:06 - Select values 2 3.0 - Finished processing (I=0, O=0, R=1, W=1, U=0, E=0)
2013/08/30 16:05:06 - Select values 2 6.0 - Finished processing (I=0, O=0, R=1, W=1, U=0, E=0)
2013/08/30 16:05:06 - Select values.0 - Finished processing (I=0, O=0, R=1, W=1, U=0, E=0)
2013/08/30 16:05:06 - Select values 2 8.0 - Finished processing (I=0, O=0, R=1, W=1, U=0, E=0)
2013/08/30 16:05:06 - Select values 2 2.0 - Finished processing (I=0, O=0, R=1, W=1, U=0, E=0)
2013/08/30 16:05:07 - Set Variables 2 5.0 - Finished after 1 rows.
2013/08/30 16:05:07 - Set Variables 2 13.0 - Finished after 1 rows.
2013/08/30 16:05:07 - Set Variables 2 8.0 - Finished after 1 rows.
2013/08/30 16:05:07 - Set Variables 2 12.0 - Finished after 1 rows.
2013/08/30 16:05:07 - Set Variables 2 7.0 - Finished after 1 rows.
2013/08/30 16:05:07 - Set Variables 2 11.0 - Finished after 1 rows.
2013/08/30 16:05:07 - Set Variables 2 2.0 - Finished after 1 rows.
2013/08/30 16:05:07 - Set Variables 2 3.0 - Finished after 1 rows.
2013/08/30 16:05:07 - Set Variables 2.0 - Finished after 1 rows.
2013/08/30 16:05:07 - Set Variables 2 9.0 - Finished after 1 rows.
2013/08/30 16:05:07 - Set Variables 2 14.0 - Finished after 1 rows.
2013/08/30 16:05:07 - Set Variables 2 4.0 - Finished after 1 rows.
2013/08/30 16:05:07 - Set Variables 2 6.0 - Finished after 1 rows.
2013/08/30 16:05:07 - Set Variables.0 - Finished after 1 rows.
2013/08/30 16:05:07 - Set Variables 2 10.0 - Finished after 1 rows.
2013/08/30 16:05:06 - WMS_POSITION_BATCH.0 - Finished processing (I=1, O=0, R=0, W=1, U=0, E=0)
2013/08/30 16:05:06 - WMS_RCV.0 - Finished processing (I=1, O=0, R=0, W=1, U=0, E=0)
2013/08/30 16:05:07 - Set Variables 2 10.0 - Finished processing (I=0, O=0, R=1, W=1, U=0, E=0)
2013/08/30 16:05:07 - Set Variables.0 - Finished processing (I=0, O=0, R=1, W=1, U=0, E=0)
2013/08/30 16:05:07 - Set Variables 2 6.0 - Finished processing (I=0, O=0, R=1, W=1, U=0, E=0)
2013/08/30 16:05:07 - Set Variables 2 4.0 - Finished processing (I=0, O=0, R=1, W=1, U=0, E=0)
2013/08/30 16:05:07 - Set Variables 2 14.0 - Finished processing (I=0, O=0, R=1, W=1, U=0, E=0)
2013/08/30 16:05:07 - Set Variables 2 9.0 - Finished processing (I=0, O=0, R=1, W=1, U=0, E=0)
2013/08/30 16:05:07 - Set Variables 2.0 - Finished processing (I=0, O=0, R=1, W=1, U=0, E=0)
2013/08/30 16:05:07 - Set Variables 2 3.0 - Finished processing (I=0, O=0, R=1, W=1, U=0, E=0)
2013/08/30 16:05:07 - Set Variables 2 2.0 - Finished processing (I=0, O=0, R=1, W=1, U=0, E=0)
2013/08/30 16:05:07 - Set Variables 2 11.0 - Finished processing (I=0, O=0, R=1, W=1, U=0, E=0)
2013/08/30 16:05:07 - Set Variables 2 7.0 - Finished processing (I=0, O=0, R=1, W=1, U=0, E=0)
2013/08/30 16:05:07 - Set Variables 2 12.0 - Finished processing (I=0, O=0, R=1, W=1, U=0, E=0)
2013/08/30 16:05:07 - Set Variables 2 8.0 - Finished processing (I=0, O=0, R=1, W=1, U=0, E=0)
2013/08/30 16:05:07 - Set Variables 2 13.0 - Finished processing (I=0, O=0, R=1, W=1, U=0, E=0)
2013/08/30 16:05:07 - Set Variables 2 5.0 - Finished processing (I=0, O=0, R=1, W=1, U=0, E=0)
2013/08/30 16:05:07 - WMS WORK ORDER - Starting entry [WMS_WORK_ORDER_INCR]
2013/08/30 16:05:07 - WMS_WORK_ORDER_INCR - Loading transformation from XML file [file:///E:/DW/Incremental_ETL/WMS/STC_FACT_WMS_WORK_ORDER_INCR.ktr]
2013/08/30 16:05:07 - STC_FACT_WMS_WORK_ORDER_INCR - Dispatching started for transformation [STC_FACT_WMS_WORK_ORDER_INCR]
2013/08/30 16:05:08 - Table output.0 - Connected to database [Warehouse] (commit=1000)
2013/08/30 16:05:09 - Set Variables.0 - We didn't receive a row while setting the default values.
2013/08/30 16:05:09 - Set Variables.0 - Set variable VARFACTNAME to value [STC_FACT_WMS_WORK_ORDER]
2013/08/30 16:05:09 - Set Variables.0 - Finished after 0 rows.
2013/08/30 16:05:19 - Table input.0 - Finished reading query, closing connection.
2013/08/30 16:05:19 - Select values.1 - Finished processing (I=0, O=0, R=13400, W=13400, U=0, E=0)
2013/08/30 16:05:19 - Select values.0 - Finished processing (I=0, O=0, R=13400, W=13400, U=0, E=0)
2013/08/30 16:05:19 - Table input.0 - Finished processing (I=26800, O=0, R=0, W=26800, U=0, E=0)
2013/08/30 16:05:25 - Department_id.1 - Finished processing (I=13400, O=0, R=13400, W=13400, U=0, E=0)
2013/08/30 16:05:25 - COMP_ID.1 - Finished processing (I=13400, O=0, R=13400, W=13400, U=0, E=0)
2013/08/30 16:05:26 - CATEGORY_ID.1 - Finished processing (I=13400, O=0, R=13400, W=13400, U=0, E=0)
2013/08/30 16:05:26 - ARTICLE_ID.1 - Finished processing (I=13400, O=0, R=13400, W=13400, U=0, E=0)
2013/08/30 16:05:26 - CAT_MANG_ID.1 - Finished processing (I=13400, O=0, R=13400, W=13400, U=0, E=0)
2013/08/30 16:05:26 - FOOD_CAT_ID.1 - Finished processing (I=13400, O=0, R=13400, W=13400, U=0, E=0)
2013/08/30 16:05:26 - PACKING_ID.1 - Finished processing (I=13400, O=0, R=13400, W=13400, U=0, E=0)
2013/08/30 16:05:26 - SIZE_ID.1 - Finished processing (I=13400, O=0, R=13400, W=13400, U=0, E=0)
2013/08/30 16:05:26 - WH_ID.1 - Finished processing (I=13400, O=0, R=13400, W=13400, U=0, E=0)
2013/08/30 16:05:26 - LOCATION_ID.1 - Finished processing (I=13400, O=0, R=13400, W=13400, U=0, E=0)
2013/08/30 16:05:26 - Department_id.0 - Finished processing (I=13400, O=0, R=13400, W=13400, U=0, E=0)
2013/08/30 16:05:26 - COMP_ID.0 - Finished processing (I=13400, O=0, R=13400, W=13400, U=0, E=0)
2013/08/30 16:05:26 - CATEGORY_ID.0 - Finished processing (I=13400, O=0, R=13400, W=13400, U=0, E=0)
2013/08/30 16:05:26 - ARTICLE_ID.0 - Finished processing (I=13400, O=0, R=13400, W=13400, U=0, E=0)
2013/08/30 16:05:27 - CAT_MANG_ID.0 - Finished processing (I=13400, O=0, R=13400, W=13400, U=0, E=0)
2013/08/30 16:05:27 - FOOD_CAT_ID.0 - Finished processing (I=13400, O=0, R=13400, W=13400, U=0, E=0)
2013/08/30 16:05:27 - PACKING_ID.0 - Finished processing (I=13400, O=0, R=13400, W=13400, U=0, E=0)
2013/08/30 16:05:27 - SIZE_ID.0 - Finished processing (I=13400, O=0, R=13400, W=13400, U=0, E=0)
2013/08/30 16:05:27 - LOCATION_ID.0 - Finished processing (I=13400, O=0, R=13400, W=13400, U=0, E=0)
2013/08/30 16:05:27 - WH_ID.0 - Finished processing (I=13400, O=0, R=13400, W=13400, U=0, E=0)
2013/08/30 16:05:28 - SUPPLIER_ID.1 - Finished processing (I=0, O=0, R=13400, W=13400, U=0, E=0)
2013/08/30 16:05:28 - FM_PALLET_POSITION_ID.1 - Finished processing (I=13400, O=0, R=13400, W=13400, U=0, E=0)
2013/08/30 16:05:28 - TO_PALLET_POSITION_ID.1 - Finished processing (I=13400, O=0, R=13400, W=13400, U=0, E=0)
2013/08/30 16:05:28 - GRADE1_ID.1 - Finished processing (I=13400, O=0, R=13400, W=13400, U=0, E=0)
2013/08/30 16:05:29 - SUPPLIER_ID.0 - Finished processing (I=0, O=0, R=13400, W=13400, U=0, E=0)
2013/08/30 16:05:29 - FM_PALLET_POSITION_ID.0 - Finished processing (I=13400, O=0, R=13400, W=13400, U=0, E=0)
2013/08/30 16:05:29 - TO_PALLET_POSITION_ID.0 - Finished processing (I=13400, O=0, R=13400, W=13400, U=0, E=0)
2013/08/30 16:05:29 - GRADE1_ID.0 - Finished processing (I=13400, O=0, R=13400, W=13400, U=0, E=0)
2013/08/30 16:08:09 - GRADE2_ID.0 - Finished processing (I=13400, O=0, R=13400, W=13400, U=0, E=0)
2013/08/30 16:08:10 - GRADE2_ID.1 - Finished processing (I=13400, O=0, R=13400, W=13400, U=0, E=0)
2013/08/30 16:16:12 - ITEM_ID.0 - Finished processing (I=13400, O=0, R=13400, W=13400, U=0, E=0)
2013/08/30 16:16:14 - ITEM_ID.1 - Finished processing (I=13400, O=0, R=13400, W=13400, U=0, E=0)
2013/08/30 16:16:14 - Insert / Update.0 - Finished processing (I=26800, O=24248, R=26800, W=26800, U=2552, E=0)
2013/08/30 16:16:14 - WMS WORK ORDER - Starting entry [PROG_ETL_LOG (10)]
2013/08/30 16:16:14 - PROG_ETL_LOG (10) - Loading transformation from XML file [E:\DW\Incremental_ETL\Common\PROG_ETL_LOG.ktr]
2013/08/30 16:16:14 - PROG_ETL_LOG (10) - Dispatching started for transformation [PROG_ETL_LOG]
2013/08/30 16:16:14 - Table input.0 - Finished reading query, closing connection.
2013/08/30 16:16:14 - Get System Info.0 - Finished processing (I=0, O=0, R=1, W=1, U=0, E=0)
2013/08/30 16:16:14 - Add sequence.0 - Finished processing (I=0, O=0, R=1, W=1, U=0, E=0)
2013/08/30 16:16:14 - Execute SQL script.0 - Finished reading query, closing connection.
2013/08/30 16:16:14 - Select values.0 - Finished processing (I=0, O=0, R=1, W=1, U=0, E=0)
2013/08/30 16:16:14 - Table input.0 - Finished processing (I=1, O=0, R=0, W=1, U=0, E=0)
2013/08/30 16:16:14 - Execute SQL script.0 - Finished processing (I=0, O=0, R=1, W=1, U=0, E=0)
2013/08/30 16:16:14 - WMS WORK ORDER - Finished job entry [PROG_ETL_LOG (10)] (result=[true])
2013/08/30 16:16:14 - WMS WORK ORDER - Finished job entry [WMS_WORK_ORDER_INCR] (result=[true])
2013/08/30 16:16:14 - WMS WORK ORDER - Finished job entry [SetMaxETLDate] (result=[true])
2013/08/30 16:16:14 - STC_ETL_WMS_WORK_ORDER_JOB - Finished job entry [WMS WORK ORDER] (result=[true])
2013/08/30 16:16:14 - STC_ETL_WMS_WORK_ORDER_JOB - Job execution finished
